2026-01-16 11:24:43:225 grammar LogManager.java:25 before: (LEXER_GRAMMAR SqlLexer (RULES (RULE DIGIT (RULEMODIFIERS fragment) (BLOCK (ALT [0-9]))) (RULE LETTER (RULEMODIFIERS fragment) (BLOCK (ALT [a-zA-Z_]))) (RULE HEXDIGIT (RULEMODIFIERS fragment) (BLOCK (ALT [0-9A-F]))) (RULE ADD (BLOCK (ALT 'ADD'))) (RULE EXTERNAL (BLOCK (ALT 'EXTERNAL'))) (RULE PROCEDURE (BLOCK (ALT 'PROCEDURE'))) (RULE ALL (BLOCK (ALT 'ALL'))) (RULE FETCH (BLOCK (ALT 'FETCH'))) (RULE PUBLIC (BLOCK (ALT 'PUBLIC'))) (RULE ALTER (BLOCK (ALT 'ALTER'))) (RULE FILE (BLOCK (ALT 'FILE'))) (RULE RAISERROR (BLOCK (ALT 'RAISERROR'))) (RULE AND (BLOCK (ALT 'AND'))) (RULE FILLFACTOR (BLOCK (ALT 'FILLFACTOR'))) (RULE READ (BLOCK (ALT 'READ'))) (RULE ANY (BLOCK (ALT 'ANY'))) (RULE FOR (BLOCK (ALT 'FOR'))) (RULE READTEXT (BLOCK (ALT 'READTEXT'))) (RULE AS (BLOCK (ALT 'AS'))) (RULE FOREIGN (BLOCK (ALT 'FOREIGN'))) (RULE RECONFIGURE (BLOCK (ALT 'RECONFIGURE'))) (RULE ASC (BLOCK (ALT 'ASC'))) (RULE FREETEXT (BLOCK (ALT 'FREETEXT'))) (RULE REFERENCES (BLOCK (ALT 'REFERENCES'))) (RULE AUTHORIZATION (BLOCK (ALT 'AUTHORIZATION'))) (RULE FREETEXTTABLE (BLOCK (ALT 'FREETEXTTABLE'))) (RULE REPLICATION (BLOCK (ALT 'REPLICATION'))) (RULE BACKUP (BLOCK (ALT 'BACKUP'))) (RULE FROM (BLOCK (ALT 'FROM'))) (RULE RESTORE (BLOCK (ALT 'RESTORE'))) (RULE BEGIN (BLOCK (ALT 'BEGIN'))) (RULE FULL (BLOCK (ALT 'FULL'))) (RULE RESTRICT (BLOCK (ALT 'RESTRICT'))) (RULE BETWEEN (BLOCK (ALT 'BETWEEN'))) (RULE FUNCTION (BLOCK (ALT 'FUNCTION'))) (RULE RETURN (BLOCK (ALT 'RETURN'))) (RULE BREAK (BLOCK (ALT 'BREAK'))) (RULE GOTO (BLOCK (ALT 'GOTO'))) (RULE REVERT (BLOCK (ALT 'REVERT'))) (RULE BROWSE (BLOCK (ALT 'BROWSE'))) (RULE GRANT (BLOCK (ALT 'GRANT'))) (RULE REVOKE (BLOCK (ALT 'REVOKE'))) (RULE BULK (BLOCK (ALT 'BULK'))) (RULE GROUP (BLOCK (ALT 'GROUP'))) (RULE RIGHT (BLOCK (ALT 'RIGHT'))) (RULE BY (BLOCK (ALT 'BY'))) (RULE HAVING (BLOCK (ALT 'HAVING'))) (RULE ROLLBACK (BLOCK (ALT 'ROLLBACK'))) (RULE CASCADE (BLOCK (ALT 'CASCADE'))) (RULE HOLDLOCK (BLOCK (ALT 'HOLDLOCK'))) (RULE ROWCOUNT (BLOCK (ALT 'ROWCOUNT'))) (RULE CASE (BLOCK (ALT 'CASE'))) (RULE IDENTITY (BLOCK (ALT 'IDENTITY'))) (RULE ROWGUIDCOL (BLOCK (ALT 'ROWGUIDCOL'))) (RULE CHECK (BLOCK (ALT 'CHECK'))) (RULE IDENTITY_INSERT (BLOCK (ALT 'IDENTITY_INSERT'))) (RULE RULE (BLOCK (ALT 'RULE'))) (RULE CHECKPOINT (BLOCK (ALT 'CHECKPOINT'))) (RULE IDENTITYCOL (BLOCK (ALT 'IDENTITYCOL'))) (RULE SAVE (BLOCK (ALT 'SAVE'))) (RULE CLOSE (BLOCK (ALT 'CLOSE'))) (RULE IF (BLOCK (ALT 'IF'))) (RULE SCHEMA (BLOCK (ALT 'SCHEMA'))) (RULE CLUSTERED (BLOCK (ALT 'CLUSTERED'))) (RULE IN (BLOCK (ALT 'IN'))) (RULE SECURITYAUDIT (BLOCK (ALT 'SECURITYAUDIT'))) (RULE COALESCE (BLOCK (ALT 'COALESCE'))) (RULE INDEX (BLOCK (ALT 'INDEX'))) (RULE SELECT (BLOCK (ALT 'SELECT'))) (RULE COLLATE (BLOCK (ALT 'COLLATE'))) (RULE INNER (BLOCK (ALT 'INNER'))) (RULE SEMANTICKEYPHRASETABLE (BLOCK (ALT 'SEMANTICKEYPHRASETABLE'))) (RULE COLUMN (BLOCK (ALT 'COLUMN'))) (RULE INSERT (BLOCK (ALT 'INSERT'))) (RULE SEMANTICSIMILARITYDETAILSTABLE (BLOCK (ALT 'SEMANTICSIMILARITYDETAILSTABLE'))) (RULE COMMIT (BLOCK (ALT 'COMMIT'))) (RULE INTERSECT (BLOCK (ALT 'INTERSECT'))) (RULE SEMANTICSIMILARITYTABLE (BLOCK (ALT 'SEMANTICSIMILARITYTABLE'))) (RULE COMPUTE (BLOCK (ALT 'COMPUTE'))) (RULE INTO (BLOCK (ALT 'INTO'))) (RULE SESSION_USER (BLOCK (ALT 'SESSION_USER'))) (RULE CONSTRAINT (BLOCK (ALT 'CONSTRAINT'))) (RULE IS (BLOCK (ALT 'IS'))) (RULE SET (BLOCK (ALT 'SET'))) (RULE CONTAINS (BLOCK (ALT 'CONTAINS'))) (RULE JOIN (BLOCK (ALT 'JOIN'))) (RULE SETUSER (BLOCK (ALT 'SETUSER'))) (RULE CONTAINSTABLE (BLOCK (ALT 'CONTAINSTABLE'))) (RULE KEY (BLOCK (ALT 'KEY'))) (RULE SHUTDOWN (BLOCK (ALT 'SHUTDOWN'))) (RULE CONTINUE (BLOCK (ALT 'CONTINUE'))) (RULE KILL (BLOCK (ALT 'KILL'))) (RULE SOME (BLOCK (ALT 'SOME'))) (RULE CONVERT (BLOCK (ALT 'CONVERT'))) (RULE LEFT (BLOCK (ALT 'LEFT'))) (RULE STATISTICS (BLOCK (ALT 'STATISTICS'))) (RULE CREATE (BLOCK (ALT 'CREATE'))) (RULE LIKE (BLOCK (ALT 'LIKE'))) (RULE SYSTEM_USER (BLOCK (ALT 'SYSTEM_USER'))) (RULE CROSS (BLOCK (ALT 'CROSS'))) (RULE LINENO (BLOCK (ALT 'LINENO'))) (RULE TABLE (BLOCK (ALT 'TABLE'))) (RULE CURRENT (BLOCK (ALT 'CURRENT'))) (RULE LOAD (BLOCK (ALT 'LOAD'))) (RULE TABLESAMPLE (BLOCK (ALT 'TABLESAMPLE'))) (RULE CURRENT_DATE (BLOCK (ALT 'CURRENT_DATE'))) (RULE MERGE (BLOCK (ALT 'MERGE'))) (RULE TEXTSIZE (BLOCK (ALT 'TEXTSIZE'))) (RULE CURRENT_TIME (BLOCK (ALT 'CURRENT_TIME'))) (RULE NATIONAL (BLOCK (ALT 'NATIONAL'))) (RULE THEN (BLOCK (ALT 'THEN'))) (RULE CURRENT_TIMESTAMP (BLOCK (ALT 'CURRENT_TIMESTAMP'))) (RULE NOCHECK (BLOCK (ALT 'NOCHECK'))) (RULE TO (BLOCK (ALT 'TO'))) (RULE CURRENT_USER (BLOCK (ALT 'CURRENT_USER'))) (RULE NONCLUSTERED (BLOCK (ALT 'NONCLUSTERED'))) (RULE TOP (BLOCK (ALT 'TOP'))) (RULE CURSOR (BLOCK (ALT 'CURSOR'))) (RULE NOT (BLOCK (ALT 'NOT'))) (RULE TRAN (BLOCK (ALT 'TRAN'))) (RULE DATABASE (BLOCK (ALT 'DATABASE'))) (RULE NULL (BLOCK (ALT 'NULL'))) (RULE TRANSACTION (BLOCK (ALT 'TRANSACTION'))) (RULE DBCC (BLOCK (ALT 'DBCC'))) (RULE NULLIF (BLOCK (ALT 'NULLIF'))) (RULE TRIGGER (BLOCK (ALT 'TRIGGER'))) (RULE DEALLOCATE (BLOCK (ALT 'DEALLOCATE'))) (RULE OF (BLOCK (ALT 'OF'))) (RULE TRUNCATE (BLOCK (ALT 'TRUNCATE'))) (RULE DECLARE (BLOCK (ALT 'DECLARE'))) (RULE OFF (BLOCK (ALT 'OFF'))) (RULE TRY_CONVERT (BLOCK (ALT 'TRY_CONVERT'))) (RULE DEFAULT (BLOCK (ALT 'DEFAULT'))) (RULE OFFSETS (BLOCK (ALT 'OFFSETS'))) (RULE TSEQUAL (BLOCK (ALT 'TSEQUAL'))) (RULE DELETE (BLOCK (ALT 'DELETE'))) (RULE ON (BLOCK (ALT 'ON'))) (RULE UNION (BLOCK (ALT 'UNION'))) (RULE DENY (BLOCK (ALT 'DENY'))) (RULE OPEN (BLOCK (ALT 'OPEN'))) (RULE UNIQUE (BLOCK (ALT 'UNIQUE'))) (RULE DESC (BLOCK (ALT 'DESC'))) (RULE OPENDATASOURCE (BLOCK (ALT 'OPENDATASOURCE'))) (RULE UPDATE (BLOCK (ALT 'UPDATE'))) (RULE DISK (BLOCK (ALT 'DISK'))) (RULE OPENQUERY (BLOCK (ALT 'OPENQUERY'))) (RULE UPDATETEXT (BLOCK (ALT 'UPDATETEXT'))) (RULE DISTINCT (BLOCK (ALT 'DISTINCT'))) (RULE OPENROWSET (BLOCK (ALT 'OPENROWSET'))) (RULE USE (BLOCK (ALT 'USE'))) (RULE DISTRIBUTED (BLOCK (ALT 'DISTRIBUTED'))) (RULE OPENXML (BLOCK (ALT 'OPENXML'))) (RULE USER (BLOCK (ALT 'USER'))) (RULE DOUBLE (BLOCK (ALT 'DOUBLE'))) (RULE OPTION (BLOCK (ALT 'OPTION'))) (RULE VALUES (BLOCK (ALT 'VALUES'))) (RULE DROP (BLOCK (ALT 'DROP'))) (RULE OR (BLOCK (ALT 'OR'))) (RULE VARYING (BLOCK (ALT 'VARYING'))) (RULE DUMP (BLOCK (ALT 'DUMP'))) (RULE ORDER (BLOCK (ALT 'ORDER'))) (RULE VIEW (BLOCK (ALT 'VIEW'))) (RULE ELSE (BLOCK (ALT 'ELSE'))) (RULE OUTER (BLOCK (ALT 'OUTER'))) (RULE WAITFOR (BLOCK (ALT 'WAITFOR'))) (RULE END (BLOCK (ALT 'END'))) (RULE OVER (BLOCK (ALT 'OVER'))) (RULE WHEN (BLOCK (ALT 'WHEN'))) (RULE ERRLVL (BLOCK (ALT 'ERRLVL'))) (RULE PERCENT (BLOCK (ALT 'PERCENT'))) (RULE WHERE (BLOCK (ALT 'WHERE'))) (RULE ESCAPE (BLOCK (ALT 'ESCAPE'))) (RULE PIVOT (BLOCK (ALT 'PIVOT'))) (RULE WHILE (BLOCK (ALT 'WHILE'))) (RULE EXCEPT (BLOCK (ALT 'EXCEPT'))) (RULE PLAN (BLOCK (ALT 'PLAN'))) (RULE WITH (BLOCK (ALT 'WITH'))) (RULE EXEC (BLOCK (ALT 'EXEC'))) (RULE PRECISION (BLOCK (ALT 'PRECISION'))) (RULE WRITETEXT (BLOCK (ALT 'WRITETEXT'))) (RULE EXECUTE (BLOCK (ALT 'EXECUTE'))) (RULE PRIMARY (BLOCK (ALT 'PRIMARY'))) (RULE INT (BLOCK (ALT 'INTEGER'))) (RULE INT_LITERAL (BLOCK (ALT (+ (BLOCK (ALT DIGIT)))))) (RULE FLOAT_LITERAL (BLOCK (ALT (+ (BLOCK (ALT DIGIT))) '.' (+ (BLOCK (ALT DIGIT)))))) (RULE HEX_LITERAL (BLOCK (ALT (+ (BLOCK (ALT '0x')))))) (RULE BIT_LITERAL (BLOCK (ALT '0b' (+ (BLOCK (ALT [01])))))) (RULE TRUE_LITERAL (BLOCK (ALT 'TRUE'))) (RULE FALSE_LITERAL (BLOCK (ALT 'FALSE'))) (RULE IDENTIFIER (BLOCK (ALT [a-zA-Z_] (* (BLOCK (ALT [a-zA-Z0-9_])))))) (RULE STRING_LITERAL (BLOCK (ALT '\'' (* (BLOCK (ALT (~ (SET ['\\]))) (ALT '\\' .) (ALT '\'\'') (ALT '\\' (* (BLOCK (ALT [ \t]))) (? (BLOCK (ALT '\r'))) '\n' (* (BLOCK (ALT [ \t])))))) '\'' {
          import re
          # replace line-continuation backslashes with space
          self.text = re.sub(r'\\[ \t]*\r?\n[ \t]*', ' ', self.text)
      }))) (RULE BRACKET_IDENTIFIER (BLOCK (ALT '[' (* (BLOCK (ALT (~ (SET [\]\r\n]))))) ']'))) (RULE USER_VAR (BLOCK (ALT '@' IDENTIFIER))) (RULE EQ (BLOCK (ALT '='))) (RULE NEQ (BLOCK (ALT '<>') (ALT '!='))) (RULE GT (BLOCK (ALT '>'))) (RULE LT (BLOCK (ALT '<'))) (RULE GTE (BLOCK (ALT '>='))) (RULE LTE (BLOCK (ALT '<='))) (RULE PLUS (BLOCK (ALT '+'))) (RULE MINUS (BLOCK (ALT '-'))) (RULE STAR (BLOCK (ALT '*'))) (RULE SLASH (BLOCK (ALT '/'))) (RULE COMMA (BLOCK (ALT ','))) (RULE DOT (BLOCK (ALT '.'))) (RULE LPAREN (BLOCK (ALT '('))) (RULE RPAREN (BLOCK (ALT ')'))) (RULE SPAREN (BLOCK (ALT '['))) (RULE ZPAREN (BLOCK (ALT ']'))) (RULE SEMI (BLOCK (ALT ';'))) (RULE LINE_COMMENT (BLOCK (ALT '--' (* (BLOCK (ALT (~ (SET [\r\n])))))))) (RULE COMMENT (BLOCK (ALT '/*' (* (BLOCK (ALT COMMENT) (ALT .))) '*/'))) (RULE WS (BLOCK (LEXER_ALT_ACTION (ALT (+ (BLOCK (ALT [ \t\r\n])))) skip)))))
2026-01-16 11:24:43:247 grammar LogManager.java:25 after: (LEXER_GRAMMAR SqlLexer (RULES (RULE DIGIT (RULEMODIFIERS fragment) (BLOCK (ALT [0-9]))) (RULE LETTER (RULEMODIFIERS fragment) (BLOCK (ALT [a-zA-Z_]))) (RULE HEXDIGIT (RULEMODIFIERS fragment) (BLOCK (ALT [0-9A-F]))) (RULE ADD (BLOCK (ALT 'ADD'))) (RULE EXTERNAL (BLOCK (ALT 'EXTERNAL'))) (RULE PROCEDURE (BLOCK (ALT 'PROCEDURE'))) (RULE ALL (BLOCK (ALT 'ALL'))) (RULE FETCH (BLOCK (ALT 'FETCH'))) (RULE PUBLIC (BLOCK (ALT 'PUBLIC'))) (RULE ALTER (BLOCK (ALT 'ALTER'))) (RULE FILE (BLOCK (ALT 'FILE'))) (RULE RAISERROR (BLOCK (ALT 'RAISERROR'))) (RULE AND (BLOCK (ALT 'AND'))) (RULE FILLFACTOR (BLOCK (ALT 'FILLFACTOR'))) (RULE READ (BLOCK (ALT 'READ'))) (RULE ANY (BLOCK (ALT 'ANY'))) (RULE FOR (BLOCK (ALT 'FOR'))) (RULE READTEXT (BLOCK (ALT 'READTEXT'))) (RULE AS (BLOCK (ALT 'AS'))) (RULE FOREIGN (BLOCK (ALT 'FOREIGN'))) (RULE RECONFIGURE (BLOCK (ALT 'RECONFIGURE'))) (RULE ASC (BLOCK (ALT 'ASC'))) (RULE FREETEXT (BLOCK (ALT 'FREETEXT'))) (RULE REFERENCES (BLOCK (ALT 'REFERENCES'))) (RULE AUTHORIZATION (BLOCK (ALT 'AUTHORIZATION'))) (RULE FREETEXTTABLE (BLOCK (ALT 'FREETEXTTABLE'))) (RULE REPLICATION (BLOCK (ALT 'REPLICATION'))) (RULE BACKUP (BLOCK (ALT 'BACKUP'))) (RULE FROM (BLOCK (ALT 'FROM'))) (RULE RESTORE (BLOCK (ALT 'RESTORE'))) (RULE BEGIN (BLOCK (ALT 'BEGIN'))) (RULE FULL (BLOCK (ALT 'FULL'))) (RULE RESTRICT (BLOCK (ALT 'RESTRICT'))) (RULE BETWEEN (BLOCK (ALT 'BETWEEN'))) (RULE FUNCTION (BLOCK (ALT 'FUNCTION'))) (RULE RETURN (BLOCK (ALT 'RETURN'))) (RULE BREAK (BLOCK (ALT 'BREAK'))) (RULE GOTO (BLOCK (ALT 'GOTO'))) (RULE REVERT (BLOCK (ALT 'REVERT'))) (RULE BROWSE (BLOCK (ALT 'BROWSE'))) (RULE GRANT (BLOCK (ALT 'GRANT'))) (RULE REVOKE (BLOCK (ALT 'REVOKE'))) (RULE BULK (BLOCK (ALT 'BULK'))) (RULE GROUP (BLOCK (ALT 'GROUP'))) (RULE RIGHT (BLOCK (ALT 'RIGHT'))) (RULE BY (BLOCK (ALT 'BY'))) (RULE HAVING (BLOCK (ALT 'HAVING'))) (RULE ROLLBACK (BLOCK (ALT 'ROLLBACK'))) (RULE CASCADE (BLOCK (ALT 'CASCADE'))) (RULE HOLDLOCK (BLOCK (ALT 'HOLDLOCK'))) (RULE ROWCOUNT (BLOCK (ALT 'ROWCOUNT'))) (RULE CASE (BLOCK (ALT 'CASE'))) (RULE IDENTITY (BLOCK (ALT 'IDENTITY'))) (RULE ROWGUIDCOL (BLOCK (ALT 'ROWGUIDCOL'))) (RULE CHECK (BLOCK (ALT 'CHECK'))) (RULE IDENTITY_INSERT (BLOCK (ALT 'IDENTITY_INSERT'))) (RULE RULE (BLOCK (ALT 'RULE'))) (RULE CHECKPOINT (BLOCK (ALT 'CHECKPOINT'))) (RULE IDENTITYCOL (BLOCK (ALT 'IDENTITYCOL'))) (RULE SAVE (BLOCK (ALT 'SAVE'))) (RULE CLOSE (BLOCK (ALT 'CLOSE'))) (RULE IF (BLOCK (ALT 'IF'))) (RULE SCHEMA (BLOCK (ALT 'SCHEMA'))) (RULE CLUSTERED (BLOCK (ALT 'CLUSTERED'))) (RULE IN (BLOCK (ALT 'IN'))) (RULE SECURITYAUDIT (BLOCK (ALT 'SECURITYAUDIT'))) (RULE COALESCE (BLOCK (ALT 'COALESCE'))) (RULE INDEX (BLOCK (ALT 'INDEX'))) (RULE SELECT (BLOCK (ALT 'SELECT'))) (RULE COLLATE (BLOCK (ALT 'COLLATE'))) (RULE INNER (BLOCK (ALT 'INNER'))) (RULE SEMANTICKEYPHRASETABLE (BLOCK (ALT 'SEMANTICKEYPHRASETABLE'))) (RULE COLUMN (BLOCK (ALT 'COLUMN'))) (RULE INSERT (BLOCK (ALT 'INSERT'))) (RULE SEMANTICSIMILARITYDETAILSTABLE (BLOCK (ALT 'SEMANTICSIMILARITYDETAILSTABLE'))) (RULE COMMIT (BLOCK (ALT 'COMMIT'))) (RULE INTERSECT (BLOCK (ALT 'INTERSECT'))) (RULE SEMANTICSIMILARITYTABLE (BLOCK (ALT 'SEMANTICSIMILARITYTABLE'))) (RULE COMPUTE (BLOCK (ALT 'COMPUTE'))) (RULE INTO (BLOCK (ALT 'INTO'))) (RULE SESSION_USER (BLOCK (ALT 'SESSION_USER'))) (RULE CONSTRAINT (BLOCK (ALT 'CONSTRAINT'))) (RULE IS (BLOCK (ALT 'IS'))) (RULE SET (BLOCK (ALT 'SET'))) (RULE CONTAINS (BLOCK (ALT 'CONTAINS'))) (RULE JOIN (BLOCK (ALT 'JOIN'))) (RULE SETUSER (BLOCK (ALT 'SETUSER'))) (RULE CONTAINSTABLE (BLOCK (ALT 'CONTAINSTABLE'))) (RULE KEY (BLOCK (ALT 'KEY'))) (RULE SHUTDOWN (BLOCK (ALT 'SHUTDOWN'))) (RULE CONTINUE (BLOCK (ALT 'CONTINUE'))) (RULE KILL (BLOCK (ALT 'KILL'))) (RULE SOME (BLOCK (ALT 'SOME'))) (RULE CONVERT (BLOCK (ALT 'CONVERT'))) (RULE LEFT (BLOCK (ALT 'LEFT'))) (RULE STATISTICS (BLOCK (ALT 'STATISTICS'))) (RULE CREATE (BLOCK (ALT 'CREATE'))) (RULE LIKE (BLOCK (ALT 'LIKE'))) (RULE SYSTEM_USER (BLOCK (ALT 'SYSTEM_USER'))) (RULE CROSS (BLOCK (ALT 'CROSS'))) (RULE LINENO (BLOCK (ALT 'LINENO'))) (RULE TABLE (BLOCK (ALT 'TABLE'))) (RULE CURRENT (BLOCK (ALT 'CURRENT'))) (RULE LOAD (BLOCK (ALT 'LOAD'))) (RULE TABLESAMPLE (BLOCK (ALT 'TABLESAMPLE'))) (RULE CURRENT_DATE (BLOCK (ALT 'CURRENT_DATE'))) (RULE MERGE (BLOCK (ALT 'MERGE'))) (RULE TEXTSIZE (BLOCK (ALT 'TEXTSIZE'))) (RULE CURRENT_TIME (BLOCK (ALT 'CURRENT_TIME'))) (RULE NATIONAL (BLOCK (ALT 'NATIONAL'))) (RULE THEN (BLOCK (ALT 'THEN'))) (RULE CURRENT_TIMESTAMP (BLOCK (ALT 'CURRENT_TIMESTAMP'))) (RULE NOCHECK (BLOCK (ALT 'NOCHECK'))) (RULE TO (BLOCK (ALT 'TO'))) (RULE CURRENT_USER (BLOCK (ALT 'CURRENT_USER'))) (RULE NONCLUSTERED (BLOCK (ALT 'NONCLUSTERED'))) (RULE TOP (BLOCK (ALT 'TOP'))) (RULE CURSOR (BLOCK (ALT 'CURSOR'))) (RULE NOT (BLOCK (ALT 'NOT'))) (RULE TRAN (BLOCK (ALT 'TRAN'))) (RULE DATABASE (BLOCK (ALT 'DATABASE'))) (RULE NULL (BLOCK (ALT 'NULL'))) (RULE TRANSACTION (BLOCK (ALT 'TRANSACTION'))) (RULE DBCC (BLOCK (ALT 'DBCC'))) (RULE NULLIF (BLOCK (ALT 'NULLIF'))) (RULE TRIGGER (BLOCK (ALT 'TRIGGER'))) (RULE DEALLOCATE (BLOCK (ALT 'DEALLOCATE'))) (RULE OF (BLOCK (ALT 'OF'))) (RULE TRUNCATE (BLOCK (ALT 'TRUNCATE'))) (RULE DECLARE (BLOCK (ALT 'DECLARE'))) (RULE OFF (BLOCK (ALT 'OFF'))) (RULE TRY_CONVERT (BLOCK (ALT 'TRY_CONVERT'))) (RULE DEFAULT (BLOCK (ALT 'DEFAULT'))) (RULE OFFSETS (BLOCK (ALT 'OFFSETS'))) (RULE TSEQUAL (BLOCK (ALT 'TSEQUAL'))) (RULE DELETE (BLOCK (ALT 'DELETE'))) (RULE ON (BLOCK (ALT 'ON'))) (RULE UNION (BLOCK (ALT 'UNION'))) (RULE DENY (BLOCK (ALT 'DENY'))) (RULE OPEN (BLOCK (ALT 'OPEN'))) (RULE UNIQUE (BLOCK (ALT 'UNIQUE'))) (RULE DESC (BLOCK (ALT 'DESC'))) (RULE OPENDATASOURCE (BLOCK (ALT 'OPENDATASOURCE'))) (RULE UPDATE (BLOCK (ALT 'UPDATE'))) (RULE DISK (BLOCK (ALT 'DISK'))) (RULE OPENQUERY (BLOCK (ALT 'OPENQUERY'))) (RULE UPDATETEXT (BLOCK (ALT 'UPDATETEXT'))) (RULE DISTINCT (BLOCK (ALT 'DISTINCT'))) (RULE OPENROWSET (BLOCK (ALT 'OPENROWSET'))) (RULE USE (BLOCK (ALT 'USE'))) (RULE DISTRIBUTED (BLOCK (ALT 'DISTRIBUTED'))) (RULE OPENXML (BLOCK (ALT 'OPENXML'))) (RULE USER (BLOCK (ALT 'USER'))) (RULE DOUBLE (BLOCK (ALT 'DOUBLE'))) (RULE OPTION (BLOCK (ALT 'OPTION'))) (RULE VALUES (BLOCK (ALT 'VALUES'))) (RULE DROP (BLOCK (ALT 'DROP'))) (RULE OR (BLOCK (ALT 'OR'))) (RULE VARYING (BLOCK (ALT 'VARYING'))) (RULE DUMP (BLOCK (ALT 'DUMP'))) (RULE ORDER (BLOCK (ALT 'ORDER'))) (RULE VIEW (BLOCK (ALT 'VIEW'))) (RULE ELSE (BLOCK (ALT 'ELSE'))) (RULE OUTER (BLOCK (ALT 'OUTER'))) (RULE WAITFOR (BLOCK (ALT 'WAITFOR'))) (RULE END (BLOCK (ALT 'END'))) (RULE OVER (BLOCK (ALT 'OVER'))) (RULE WHEN (BLOCK (ALT 'WHEN'))) (RULE ERRLVL (BLOCK (ALT 'ERRLVL'))) (RULE PERCENT (BLOCK (ALT 'PERCENT'))) (RULE WHERE (BLOCK (ALT 'WHERE'))) (RULE ESCAPE (BLOCK (ALT 'ESCAPE'))) (RULE PIVOT (BLOCK (ALT 'PIVOT'))) (RULE WHILE (BLOCK (ALT 'WHILE'))) (RULE EXCEPT (BLOCK (ALT 'EXCEPT'))) (RULE PLAN (BLOCK (ALT 'PLAN'))) (RULE WITH (BLOCK (ALT 'WITH'))) (RULE EXEC (BLOCK (ALT 'EXEC'))) (RULE PRECISION (BLOCK (ALT 'PRECISION'))) (RULE WRITETEXT (BLOCK (ALT 'WRITETEXT'))) (RULE EXECUTE (BLOCK (ALT 'EXECUTE'))) (RULE PRIMARY (BLOCK (ALT 'PRIMARY'))) (RULE INT (BLOCK (ALT 'INTEGER'))) (RULE INT_LITERAL (BLOCK (ALT (+ (BLOCK (ALT DIGIT)))))) (RULE FLOAT_LITERAL (BLOCK (ALT (+ (BLOCK (ALT DIGIT))) '.' (+ (BLOCK (ALT DIGIT)))))) (RULE HEX_LITERAL (BLOCK (ALT (+ (BLOCK (ALT '0x')))))) (RULE BIT_LITERAL (BLOCK (ALT '0b' (+ (BLOCK (ALT [01])))))) (RULE TRUE_LITERAL (BLOCK (ALT 'TRUE'))) (RULE FALSE_LITERAL (BLOCK (ALT 'FALSE'))) (RULE IDENTIFIER (BLOCK (ALT [a-zA-Z_] (* (BLOCK (ALT [a-zA-Z0-9_])))))) (RULE STRING_LITERAL (BLOCK (ALT '\'' (* (BLOCK (ALT (~ (SET ['\\]))) (ALT '\\' .) (ALT '\'\'') (ALT '\\' (* (BLOCK (ALT [ \t]))) (? (BLOCK (ALT '\r'))) '\n' (* (BLOCK (ALT [ \t])))))) '\'' {
          import re
          # replace line-continuation backslashes with space
          self.text = re.sub(r'\\[ \t]*\r?\n[ \t]*', ' ', self.text)
      }))) (RULE BRACKET_IDENTIFIER (BLOCK (ALT '[' (* (BLOCK (ALT (~ (SET [\]\r\n]))))) ']'))) (RULE USER_VAR (BLOCK (ALT '@' IDENTIFIER))) (RULE EQ (BLOCK (ALT '='))) (RULE NEQ (BLOCK (ALT '<>') (ALT '!='))) (RULE GT (BLOCK (ALT '>'))) (RULE LT (BLOCK (ALT '<'))) (RULE GTE (BLOCK (ALT '>='))) (RULE LTE (BLOCK (ALT '<='))) (RULE PLUS (BLOCK (ALT '+'))) (RULE MINUS (BLOCK (ALT '-'))) (RULE STAR (BLOCK (ALT '*'))) (RULE SLASH (BLOCK (ALT '/'))) (RULE COMMA (BLOCK (ALT ','))) (RULE DOT (BLOCK (ALT '.'))) (RULE LPAREN (BLOCK (ALT '('))) (RULE RPAREN (BLOCK (ALT ')'))) (RULE SPAREN (BLOCK (ALT '['))) (RULE ZPAREN (BLOCK (ALT ']'))) (RULE SEMI (BLOCK (ALT ';'))) (RULE LINE_COMMENT (BLOCK (ALT '--' (* (BLOCK (ALT (~ (SET [\r\n])))))))) (RULE COMMENT (BLOCK (ALT '/*' (* (BLOCK (ALT COMMENT) (ALT .))) '*/'))) (RULE WS (BLOCK (LEXER_ALT_ACTION (ALT (+ (BLOCK (ALT [ \t\r\n])))) skip)))))
2026-01-16 11:24:43:591 action-translator LogManager.java:25 translate 
          import re
          # replace line-continuation backslashes with space
          self.text = re.sub(r'\\[ \t]*\r?\n[ \t]*', ' ', self.text)
      
2026-01-16 11:24:43:644 grammar LogManager.java:25 before: (PARSER_GRAMMAR SqlParser (OPTIONS (= tokenVocab SqlLexer)) (RULES (RULE sqlFile (BLOCK (ALT (* (BLOCK (ALT sqlStatement))) EOF))) (RULE sqlStatement (BLOCK (ALT (? (BLOCK (ALT cteStatement))) (BLOCK (ALT dmlStatement) (ALT ddlStatement) (ALT cursorStatement)) (? (BLOCK (ALT SEMI)))))) (RULE cteStatement (BLOCK (ALT WITH cteDefinition (* (BLOCK (ALT COMMA cteDefinition)))))) (RULE cteDefinition (BLOCK (ALT (BLOCK (ALT IDENTIFIER) (ALT BRACKET_IDENTIFIER)) AS LPAREN selectStatement RPAREN))) (RULE dmlStatement (BLOCK (ALT selectStatement) (ALT insertStatement) (ALT updateStatement) (ALT deleteStatement))) (RULE selectStatement (BLOCK (ALT SELECT selectList FROM tableSource (* (BLOCK (ALT joinClause))) (? (BLOCK (ALT whereClause))) (? (BLOCK (ALT groupByClause))) (? (BLOCK (ALT orderByClause)))))) (RULE selectList (BLOCK (ALT STAR) (ALT selectElement (* (BLOCK (ALT COMMA selectElement)))))) (RULE selectElement (BLOCK (ALT columnName (? (BLOCK (ALT (? (BLOCK (ALT AS))) IDENTIFIER)))))) (RULE tableSource (BLOCK (ALT tableName))) (RULE tableName (BLOCK (ALT IDENTIFIER) (ALT BRACKET_IDENTIFIER))) (RULE joinClause (BLOCK (ALT joinType JOIN tableSource ON searchCondition))) (RULE joinType (BLOCK (ALT INNER) (ALT LEFT) (ALT RIGHT) (ALT FULL) (ALT EPSILON))) (RULE columnName (BLOCK (ALT IDENTIFIER) (ALT BRACKET_IDENTIFIER))) (RULE whereClause (BLOCK (ALT WHERE searchCondition))) (RULE groupByClause (BLOCK (ALT GROUP BY columnName (* (BLOCK (ALT COMMA columnName)))))) (RULE orderByClause (BLOCK (ALT ORDER BY orderElement (* (BLOCK (ALT COMMA orderElement)))))) (RULE orderElement (BLOCK (ALT columnName (? (BLOCK (ALT ASC) (ALT DESC)))))) (RULE searchCondition (BLOCK (ALT searchCondition AND searchCondition) (ALT searchCondition OR searchCondition) (ALT LPAREN searchCondition RPAREN) (ALT predicate))) (RULE predicate (BLOCK (ALT expression comparisonOperator expression) (ALT expression LIKE expression))) (RULE comparisonOperator (BLOCK (ALT EQ) (ALT NEQ) (ALT GT) (ALT LT) (ALT GTE) (ALT LTE) (ALT LIKE))) (RULE expression (BLOCK (ALT columnName) (ALT literal))) (RULE literal (BLOCK (ALT INT_LITERAL) (ALT FLOAT_LITERAL) (ALT STRING_LITERAL) (ALT TRUE_LITERAL) (ALT FALSE_LITERAL) (ALT NULL))) (RULE insertStatement (BLOCK (ALT INSERT INTO tableName LPAREN columnName (* (BLOCK (ALT COMMA columnName))) RPAREN VALUES LPAREN literal (* (BLOCK (ALT COMMA literal))) RPAREN))) (RULE updateStatement (BLOCK (ALT UPDATE tableName SET assignment (* (BLOCK (ALT COMMA assignment))) (? (BLOCK (ALT whereClause)))))) (RULE assignment (BLOCK (ALT columnName EQ expression))) (RULE deleteStatement (BLOCK (ALT DELETE FROM tableName (? (BLOCK (ALT whereClause)))))) (RULE ddlStatement (BLOCK (ALT createTableStatement) (ALT dropTableStatement) (ALT alterTableStatement))) (RULE createTableStatement (BLOCK (ALT CREATE TABLE tableName LPAREN columnDefinition (* (BLOCK (ALT COMMA columnDefinition))) RPAREN))) (RULE columnDefinition (BLOCK (ALT columnName dataType))) (RULE dataType (BLOCK (ALT INT) (ALT IDENTIFIER))) (RULE dropTableStatement (BLOCK (ALT DROP TABLE tableName))) (RULE alterTableStatement (BLOCK (ALT ALTER TABLE tableName alterAction))) (RULE alterAction (BLOCK (ALT ADD columnDefinition) (ALT DROP columnName))) (RULE cursorStatement (BLOCK (ALT declareCursor) (ALT openCursor) (ALT fetchCursor) (ALT closeCursor))) (RULE declareCursor (BLOCK (ALT DECLARE IDENTIFIER CURSOR FOR selectStatement))) (RULE openCursor (BLOCK (ALT OPEN IDENTIFIER))) (RULE fetchCursor (BLOCK (ALT FETCH IDENTIFIER))) (RULE closeCursor (BLOCK (ALT CLOSE IDENTIFIER)))))
2026-01-16 11:24:43:650 grammar LogManager.java:25 after: (PARSER_GRAMMAR SqlParser (OPTIONS (= tokenVocab SqlLexer)) (RULES (RULE sqlFile (BLOCK (ALT (* (BLOCK (ALT sqlStatement))) EOF))) (RULE sqlStatement (BLOCK (ALT (? (BLOCK (ALT cteStatement))) (BLOCK (ALT dmlStatement) (ALT ddlStatement) (ALT cursorStatement)) (? (BLOCK (ALT SEMI)))))) (RULE cteStatement (BLOCK (ALT WITH cteDefinition (* (BLOCK (ALT COMMA cteDefinition)))))) (RULE cteDefinition (BLOCK (ALT (SET IDENTIFIER BRACKET_IDENTIFIER) AS LPAREN selectStatement RPAREN))) (RULE dmlStatement (BLOCK (ALT selectStatement) (ALT insertStatement) (ALT updateStatement) (ALT deleteStatement))) (RULE selectStatement (BLOCK (ALT SELECT selectList FROM tableSource (* (BLOCK (ALT joinClause))) (? (BLOCK (ALT whereClause))) (? (BLOCK (ALT groupByClause))) (? (BLOCK (ALT orderByClause)))))) (RULE selectList (BLOCK (ALT STAR) (ALT selectElement (* (BLOCK (ALT COMMA selectElement)))))) (RULE selectElement (BLOCK (ALT columnName (? (BLOCK (ALT (? (BLOCK (ALT AS))) IDENTIFIER)))))) (RULE tableSource (BLOCK (ALT tableName))) (RULE tableName (BLOCK (ALT (SET IDENTIFIER BRACKET_IDENTIFIER)))) (RULE joinClause (BLOCK (ALT joinType JOIN tableSource ON searchCondition))) (RULE joinType (BLOCK (ALT INNER) (ALT LEFT) (ALT RIGHT) (ALT FULL) (ALT EPSILON))) (RULE columnName (BLOCK (ALT (SET IDENTIFIER BRACKET_IDENTIFIER)))) (RULE whereClause (BLOCK (ALT WHERE searchCondition))) (RULE groupByClause (BLOCK (ALT GROUP BY columnName (* (BLOCK (ALT COMMA columnName)))))) (RULE orderByClause (BLOCK (ALT ORDER BY orderElement (* (BLOCK (ALT COMMA orderElement)))))) (RULE orderElement (BLOCK (ALT columnName (? (BLOCK (ALT (SET ASC DESC))))))) (RULE searchCondition (BLOCK (ALT searchCondition AND searchCondition) (ALT searchCondition OR searchCondition) (ALT LPAREN searchCondition RPAREN) (ALT predicate))) (RULE predicate (BLOCK (ALT expression comparisonOperator expression) (ALT expression LIKE expression))) (RULE comparisonOperator (BLOCK (ALT (SET EQ NEQ GT LT GTE LTE LIKE)))) (RULE expression (BLOCK (ALT columnName) (ALT literal))) (RULE literal (BLOCK (ALT (SET INT_LITERAL FLOAT_LITERAL STRING_LITERAL TRUE_LITERAL FALSE_LITERAL NULL)))) (RULE insertStatement (BLOCK (ALT INSERT INTO tableName LPAREN columnName (* (BLOCK (ALT COMMA columnName))) RPAREN VALUES LPAREN literal (* (BLOCK (ALT COMMA literal))) RPAREN))) (RULE updateStatement (BLOCK (ALT UPDATE tableName SET assignment (* (BLOCK (ALT COMMA assignment))) (? (BLOCK (ALT whereClause)))))) (RULE assignment (BLOCK (ALT columnName EQ expression))) (RULE deleteStatement (BLOCK (ALT DELETE FROM tableName (? (BLOCK (ALT whereClause)))))) (RULE ddlStatement (BLOCK (ALT createTableStatement) (ALT dropTableStatement) (ALT alterTableStatement))) (RULE createTableStatement (BLOCK (ALT CREATE TABLE tableName LPAREN columnDefinition (* (BLOCK (ALT COMMA columnDefinition))) RPAREN))) (RULE columnDefinition (BLOCK (ALT columnName dataType))) (RULE dataType (BLOCK (ALT (SET INT IDENTIFIER)))) (RULE dropTableStatement (BLOCK (ALT DROP TABLE tableName))) (RULE alterTableStatement (BLOCK (ALT ALTER TABLE tableName alterAction))) (RULE alterAction (BLOCK (ALT ADD columnDefinition) (ALT DROP columnName))) (RULE cursorStatement (BLOCK (ALT declareCursor) (ALT openCursor) (ALT fetchCursor) (ALT closeCursor))) (RULE declareCursor (BLOCK (ALT DECLARE IDENTIFIER CURSOR FOR selectStatement))) (RULE openCursor (BLOCK (ALT OPEN IDENTIFIER))) (RULE fetchCursor (BLOCK (ALT FETCH IDENTIFIER))) (RULE closeCursor (BLOCK (ALT CLOSE IDENTIFIER)))))
2026-01-16 11:24:43:704 left-recursion LogManager.java:25 searchCondition
    :   ( {} LPAREN<tokenIndex=350> searchCondition<tokenIndex=352> RPAREN<tokenIndex=354> 
        | predicate<tokenIndex=358> 
        )
        (
          {self.precpred(self._ctx, 4)}?<p=4> AND<tokenIndex=336> searchCondition<tokenIndex=338,p=5>
                  | {self.precpred(self._ctx, 3)}?<p=3> OR<tokenIndex=344> searchCondition<tokenIndex=346,p=4>
        )*
    ;
2026-01-16 11:24:43:711 grammar LogManager.java:25 added: (RULE searchCondition (BLOCK (ALT (BLOCK (ALT {} (LPAREN (ELEMENT_OPTIONS (= tokenIndex 350))) (searchCondition (ELEMENT_OPTIONS (= tokenIndex 352))) (RPAREN (ELEMENT_OPTIONS (= tokenIndex 354)))) (ALT (predicate (ELEMENT_OPTIONS (= tokenIndex 358))))) (* (BLOCK (ALT ({self.precpred(self._ctx, 4)}? (ELEMENT_OPTIONS (= p 4))) (AND (ELEMENT_OPTIONS (= tokenIndex 336))) (searchCondition (ELEMENT_OPTIONS (= tokenIndex 338) (= p 5)))) (ALT ({self.precpred(self._ctx, 3)}? (ELEMENT_OPTIONS (= p 3))) (OR (ELEMENT_OPTIONS (= tokenIndex 344))) (searchCondition (ELEMENT_OPTIONS (= tokenIndex 346) (= p 4)))))))))
2026-01-16 11:24:43:717 grammar LogManager.java:25 import ADD=1
2026-01-16 11:24:43:717 grammar LogManager.java:25 import EXTERNAL=2
2026-01-16 11:24:43:717 grammar LogManager.java:25 import PROCEDURE=3
2026-01-16 11:24:43:718 grammar LogManager.java:25 import ALL=4
2026-01-16 11:24:43:718 grammar LogManager.java:25 import FETCH=5
2026-01-16 11:24:43:718 grammar LogManager.java:25 import PUBLIC=6
2026-01-16 11:24:43:718 grammar LogManager.java:25 import ALTER=7
2026-01-16 11:24:43:718 grammar LogManager.java:25 import FILE=8
2026-01-16 11:24:43:718 grammar LogManager.java:25 import RAISERROR=9
2026-01-16 11:24:43:719 grammar LogManager.java:25 import AND=10
2026-01-16 11:24:43:719 grammar LogManager.java:25 import FILLFACTOR=11
2026-01-16 11:24:43:719 grammar LogManager.java:25 import READ=12
2026-01-16 11:24:43:719 grammar LogManager.java:25 import ANY=13
2026-01-16 11:24:43:719 grammar LogManager.java:25 import FOR=14
2026-01-16 11:24:43:719 grammar LogManager.java:25 import READTEXT=15
2026-01-16 11:24:43:720 grammar LogManager.java:25 import AS=16
2026-01-16 11:24:43:720 grammar LogManager.java:25 import FOREIGN=17
2026-01-16 11:24:43:720 grammar LogManager.java:25 import RECONFIGURE=18
2026-01-16 11:24:43:720 grammar LogManager.java:25 import ASC=19
2026-01-16 11:24:43:720 grammar LogManager.java:25 import FREETEXT=20
2026-01-16 11:24:43:721 grammar LogManager.java:25 import REFERENCES=21
2026-01-16 11:24:43:721 grammar LogManager.java:25 import AUTHORIZATION=22
2026-01-16 11:24:43:721 grammar LogManager.java:25 import FREETEXTTABLE=23
2026-01-16 11:24:43:721 grammar LogManager.java:25 import REPLICATION=24
2026-01-16 11:24:43:722 grammar LogManager.java:25 import BACKUP=25
2026-01-16 11:24:43:722 grammar LogManager.java:25 import FROM=26
2026-01-16 11:24:43:722 grammar LogManager.java:25 import RESTORE=27
2026-01-16 11:24:43:722 grammar LogManager.java:25 import BEGIN=28
2026-01-16 11:24:43:722 grammar LogManager.java:25 import FULL=29
2026-01-16 11:24:43:722 grammar LogManager.java:25 import RESTRICT=30
2026-01-16 11:24:43:723 grammar LogManager.java:25 import BETWEEN=31
2026-01-16 11:24:43:723 grammar LogManager.java:25 import FUNCTION=32
2026-01-16 11:24:43:723 grammar LogManager.java:25 import RETURN=33
2026-01-16 11:24:43:723 grammar LogManager.java:25 import BREAK=34
2026-01-16 11:24:43:723 grammar LogManager.java:25 import GOTO=35
2026-01-16 11:24:43:724 grammar LogManager.java:25 import REVERT=36
2026-01-16 11:24:43:724 grammar LogManager.java:25 import BROWSE=37
2026-01-16 11:24:43:724 grammar LogManager.java:25 import GRANT=38
2026-01-16 11:24:43:724 grammar LogManager.java:25 import REVOKE=39
2026-01-16 11:24:43:724 grammar LogManager.java:25 import BULK=40
2026-01-16 11:24:43:724 grammar LogManager.java:25 import GROUP=41
2026-01-16 11:24:43:725 grammar LogManager.java:25 import RIGHT=42
2026-01-16 11:24:43:725 grammar LogManager.java:25 import BY=43
2026-01-16 11:24:43:725 grammar LogManager.java:25 import HAVING=44
2026-01-16 11:24:43:725 grammar LogManager.java:25 import ROLLBACK=45
2026-01-16 11:24:43:726 grammar LogManager.java:25 import CASCADE=46
2026-01-16 11:24:43:726 grammar LogManager.java:25 import HOLDLOCK=47
2026-01-16 11:24:43:726 grammar LogManager.java:25 import ROWCOUNT=48
2026-01-16 11:24:43:726 grammar LogManager.java:25 import CASE=49
2026-01-16 11:24:43:726 grammar LogManager.java:25 import IDENTITY=50
2026-01-16 11:24:43:726 grammar LogManager.java:25 import ROWGUIDCOL=51
2026-01-16 11:24:43:727 grammar LogManager.java:25 import CHECK=52
2026-01-16 11:24:43:727 grammar LogManager.java:25 import IDENTITY_INSERT=53
2026-01-16 11:24:43:727 grammar LogManager.java:25 import RULE=54
2026-01-16 11:24:43:727 grammar LogManager.java:25 import CHECKPOINT=55
2026-01-16 11:24:43:727 grammar LogManager.java:25 import IDENTITYCOL=56
2026-01-16 11:24:43:728 grammar LogManager.java:25 import SAVE=57
2026-01-16 11:24:43:728 grammar LogManager.java:25 import CLOSE=58
2026-01-16 11:24:43:728 grammar LogManager.java:25 import IF=59
2026-01-16 11:24:43:728 grammar LogManager.java:25 import SCHEMA=60
2026-01-16 11:24:43:728 grammar LogManager.java:25 import CLUSTERED=61
2026-01-16 11:24:43:728 grammar LogManager.java:25 import IN=62
2026-01-16 11:24:43:729 grammar LogManager.java:25 import SECURITYAUDIT=63
2026-01-16 11:24:43:729 grammar LogManager.java:25 import COALESCE=64
2026-01-16 11:24:43:729 grammar LogManager.java:25 import INDEX=65
2026-01-16 11:24:43:729 grammar LogManager.java:25 import SELECT=66
2026-01-16 11:24:43:729 grammar LogManager.java:25 import COLLATE=67
2026-01-16 11:24:43:729 grammar LogManager.java:25 import INNER=68
2026-01-16 11:24:43:730 grammar LogManager.java:25 import SEMANTICKEYPHRASETABLE=69
2026-01-16 11:24:43:730 grammar LogManager.java:25 import COLUMN=70
2026-01-16 11:24:43:730 grammar LogManager.java:25 import INSERT=71
2026-01-16 11:24:43:730 grammar LogManager.java:25 import SEMANTICSIMILARITYDETAILSTABLE=72
2026-01-16 11:24:43:730 grammar LogManager.java:25 import COMMIT=73
2026-01-16 11:24:43:730 grammar LogManager.java:25 import INTERSECT=74
2026-01-16 11:24:43:730 grammar LogManager.java:25 import SEMANTICSIMILARITYTABLE=75
2026-01-16 11:24:43:731 grammar LogManager.java:25 import COMPUTE=76
2026-01-16 11:24:43:731 grammar LogManager.java:25 import INTO=77
2026-01-16 11:24:43:731 grammar LogManager.java:25 import SESSION_USER=78
2026-01-16 11:24:43:731 grammar LogManager.java:25 import CONSTRAINT=79
2026-01-16 11:24:43:731 grammar LogManager.java:25 import IS=80
2026-01-16 11:24:43:731 grammar LogManager.java:25 import SET=81
2026-01-16 11:24:43:732 grammar LogManager.java:25 import CONTAINS=82
2026-01-16 11:24:43:732 grammar LogManager.java:25 import JOIN=83
2026-01-16 11:24:43:732 grammar LogManager.java:25 import SETUSER=84
2026-01-16 11:24:43:732 grammar LogManager.java:25 import CONTAINSTABLE=85
2026-01-16 11:24:43:732 grammar LogManager.java:25 import KEY=86
2026-01-16 11:24:43:732 grammar LogManager.java:25 import SHUTDOWN=87
2026-01-16 11:24:43:732 grammar LogManager.java:25 import CONTINUE=88
2026-01-16 11:24:43:733 grammar LogManager.java:25 import KILL=89
2026-01-16 11:24:43:733 grammar LogManager.java:25 import SOME=90
2026-01-16 11:24:43:733 grammar LogManager.java:25 import CONVERT=91
2026-01-16 11:24:43:733 grammar LogManager.java:25 import LEFT=92
2026-01-16 11:24:43:733 grammar LogManager.java:25 import STATISTICS=93
2026-01-16 11:24:43:733 grammar LogManager.java:25 import CREATE=94
2026-01-16 11:24:43:733 grammar LogManager.java:25 import LIKE=95
2026-01-16 11:24:43:733 grammar LogManager.java:25 import SYSTEM_USER=96
2026-01-16 11:24:43:733 grammar LogManager.java:25 import CROSS=97
2026-01-16 11:24:43:734 grammar LogManager.java:25 import LINENO=98
2026-01-16 11:24:43:734 grammar LogManager.java:25 import TABLE=99
2026-01-16 11:24:43:734 grammar LogManager.java:25 import CURRENT=100
2026-01-16 11:24:43:734 grammar LogManager.java:25 import LOAD=101
2026-01-16 11:24:43:734 grammar LogManager.java:25 import TABLESAMPLE=102
2026-01-16 11:24:43:734 grammar LogManager.java:25 import CURRENT_DATE=103
2026-01-16 11:24:43:734 grammar LogManager.java:25 import MERGE=104
2026-01-16 11:24:43:734 grammar LogManager.java:25 import TEXTSIZE=105
2026-01-16 11:24:43:735 grammar LogManager.java:25 import CURRENT_TIME=106
2026-01-16 11:24:43:735 grammar LogManager.java:25 import NATIONAL=107
2026-01-16 11:24:43:735 grammar LogManager.java:25 import THEN=108
2026-01-16 11:24:43:735 grammar LogManager.java:25 import CURRENT_TIMESTAMP=109
2026-01-16 11:24:43:735 grammar LogManager.java:25 import NOCHECK=110
2026-01-16 11:24:43:735 grammar LogManager.java:25 import TO=111
2026-01-16 11:24:43:735 grammar LogManager.java:25 import CURRENT_USER=112
2026-01-16 11:24:43:735 grammar LogManager.java:25 import NONCLUSTERED=113
2026-01-16 11:24:43:736 grammar LogManager.java:25 import TOP=114
2026-01-16 11:24:43:736 grammar LogManager.java:25 import CURSOR=115
2026-01-16 11:24:43:736 grammar LogManager.java:25 import NOT=116
2026-01-16 11:24:43:736 grammar LogManager.java:25 import TRAN=117
2026-01-16 11:24:43:736 grammar LogManager.java:25 import DATABASE=118
2026-01-16 11:24:43:736 grammar LogManager.java:25 import NULL=119
2026-01-16 11:24:43:736 grammar LogManager.java:25 import TRANSACTION=120
2026-01-16 11:24:43:736 grammar LogManager.java:25 import DBCC=121
2026-01-16 11:24:43:736 grammar LogManager.java:25 import NULLIF=122
2026-01-16 11:24:43:736 grammar LogManager.java:25 import TRIGGER=123
2026-01-16 11:24:43:736 grammar LogManager.java:25 import DEALLOCATE=124
2026-01-16 11:24:43:736 grammar LogManager.java:25 import OF=125
2026-01-16 11:24:43:736 grammar LogManager.java:25 import TRUNCATE=126
2026-01-16 11:24:43:736 grammar LogManager.java:25 import DECLARE=127
2026-01-16 11:24:43:736 grammar LogManager.java:25 import OFF=128
2026-01-16 11:24:43:736 grammar LogManager.java:25 import TRY_CONVERT=129
2026-01-16 11:24:43:737 grammar LogManager.java:25 import DEFAULT=130
2026-01-16 11:24:43:737 grammar LogManager.java:25 import OFFSETS=131
2026-01-16 11:24:43:737 grammar LogManager.java:25 import TSEQUAL=132
2026-01-16 11:24:43:737 grammar LogManager.java:25 import DELETE=133
2026-01-16 11:24:43:737 grammar LogManager.java:25 import ON=134
2026-01-16 11:24:43:737 grammar LogManager.java:25 import UNION=135
2026-01-16 11:24:43:738 grammar LogManager.java:25 import DENY=136
2026-01-16 11:24:43:738 grammar LogManager.java:25 import OPEN=137
2026-01-16 11:24:43:738 grammar LogManager.java:25 import UNIQUE=138
2026-01-16 11:24:43:738 grammar LogManager.java:25 import DESC=139
2026-01-16 11:24:43:738 grammar LogManager.java:25 import OPENDATASOURCE=140
2026-01-16 11:24:43:738 grammar LogManager.java:25 import UPDATE=141
2026-01-16 11:24:43:738 grammar LogManager.java:25 import DISK=142
2026-01-16 11:24:43:739 grammar LogManager.java:25 import OPENQUERY=143
2026-01-16 11:24:43:739 grammar LogManager.java:25 import UPDATETEXT=144
2026-01-16 11:24:43:739 grammar LogManager.java:25 import DISTINCT=145
2026-01-16 11:24:43:739 grammar LogManager.java:25 import OPENROWSET=146
2026-01-16 11:24:43:739 grammar LogManager.java:25 import USE=147
2026-01-16 11:24:43:739 grammar LogManager.java:25 import DISTRIBUTED=148
2026-01-16 11:24:43:739 grammar LogManager.java:25 import OPENXML=149
2026-01-16 11:24:43:739 grammar LogManager.java:25 import USER=150
2026-01-16 11:24:43:739 grammar LogManager.java:25 import DOUBLE=151
2026-01-16 11:24:43:739 grammar LogManager.java:25 import OPTION=152
2026-01-16 11:24:43:739 grammar LogManager.java:25 import VALUES=153
2026-01-16 11:24:43:739 grammar LogManager.java:25 import DROP=154
2026-01-16 11:24:43:739 grammar LogManager.java:25 import OR=155
2026-01-16 11:24:43:740 grammar LogManager.java:25 import VARYING=156
2026-01-16 11:24:43:740 grammar LogManager.java:25 import DUMP=157
2026-01-16 11:24:43:740 grammar LogManager.java:25 import ORDER=158
2026-01-16 11:24:43:740 grammar LogManager.java:25 import VIEW=159
2026-01-16 11:24:43:740 grammar LogManager.java:25 import ELSE=160
2026-01-16 11:24:43:740 grammar LogManager.java:25 import OUTER=161
2026-01-16 11:24:43:740 grammar LogManager.java:25 import WAITFOR=162
2026-01-16 11:24:43:740 grammar LogManager.java:25 import END=163
2026-01-16 11:24:43:740 grammar LogManager.java:25 import OVER=164
2026-01-16 11:24:43:740 grammar LogManager.java:25 import WHEN=165
2026-01-16 11:24:43:740 grammar LogManager.java:25 import ERRLVL=166
2026-01-16 11:24:43:740 grammar LogManager.java:25 import PERCENT=167
2026-01-16 11:24:43:740 grammar LogManager.java:25 import WHERE=168
2026-01-16 11:24:43:740 grammar LogManager.java:25 import ESCAPE=169
2026-01-16 11:24:43:740 grammar LogManager.java:25 import PIVOT=170
2026-01-16 11:24:43:740 grammar LogManager.java:25 import WHILE=171
2026-01-16 11:24:43:740 grammar LogManager.java:25 import EXCEPT=172
2026-01-16 11:24:43:740 grammar LogManager.java:25 import PLAN=173
2026-01-16 11:24:43:740 grammar LogManager.java:25 import WITH=174
2026-01-16 11:24:43:740 grammar LogManager.java:25 import EXEC=175
2026-01-16 11:24:43:740 grammar LogManager.java:25 import PRECISION=176
2026-01-16 11:24:43:740 grammar LogManager.java:25 import WRITETEXT=177
2026-01-16 11:24:43:740 grammar LogManager.java:25 import EXECUTE=178
2026-01-16 11:24:43:740 grammar LogManager.java:25 import PRIMARY=179
2026-01-16 11:24:43:741 grammar LogManager.java:25 import INT=180
2026-01-16 11:24:43:741 grammar LogManager.java:25 import INT_LITERAL=181
2026-01-16 11:24:43:741 grammar LogManager.java:25 import FLOAT_LITERAL=182
2026-01-16 11:24:43:741 grammar LogManager.java:25 import HEX_LITERAL=183
2026-01-16 11:24:43:741 grammar LogManager.java:25 import BIT_LITERAL=184
2026-01-16 11:24:43:741 grammar LogManager.java:25 import TRUE_LITERAL=185
2026-01-16 11:24:43:741 grammar LogManager.java:25 import FALSE_LITERAL=186
2026-01-16 11:24:43:741 grammar LogManager.java:25 import IDENTIFIER=187
2026-01-16 11:24:43:741 grammar LogManager.java:25 import STRING_LITERAL=188
2026-01-16 11:24:43:741 grammar LogManager.java:25 import BRACKET_IDENTIFIER=189
2026-01-16 11:24:43:741 grammar LogManager.java:25 import USER_VAR=190
2026-01-16 11:24:43:741 grammar LogManager.java:25 import EQ=191
2026-01-16 11:24:43:741 grammar LogManager.java:25 import NEQ=192
2026-01-16 11:24:43:741 grammar LogManager.java:25 import GT=193
2026-01-16 11:24:43:741 grammar LogManager.java:25 import LT=194
2026-01-16 11:24:43:741 grammar LogManager.java:25 import GTE=195
2026-01-16 11:24:43:741 grammar LogManager.java:25 import LTE=196
2026-01-16 11:24:43:742 grammar LogManager.java:25 import PLUS=197
2026-01-16 11:24:43:742 grammar LogManager.java:25 import MINUS=198
2026-01-16 11:24:43:742 grammar LogManager.java:25 import STAR=199
2026-01-16 11:24:43:742 grammar LogManager.java:25 import SLASH=200
2026-01-16 11:24:43:742 grammar LogManager.java:25 import COMMA=201
2026-01-16 11:24:43:742 grammar LogManager.java:25 import DOT=202
2026-01-16 11:24:43:742 grammar LogManager.java:25 import LPAREN=203
2026-01-16 11:24:43:742 grammar LogManager.java:25 import RPAREN=204
2026-01-16 11:24:43:742 grammar LogManager.java:25 import SPAREN=205
2026-01-16 11:24:43:742 grammar LogManager.java:25 import ZPAREN=206
2026-01-16 11:24:43:742 grammar LogManager.java:25 import SEMI=207
2026-01-16 11:24:43:742 grammar LogManager.java:25 import LINE_COMMENT=208
2026-01-16 11:24:43:742 grammar LogManager.java:25 import COMMENT=209
2026-01-16 11:24:43:742 grammar LogManager.java:25 import WS=210
2026-01-16 11:24:43:742 grammar LogManager.java:25 import 'ADD'=1
2026-01-16 11:24:43:742 grammar LogManager.java:25 import 'EXTERNAL'=2
2026-01-16 11:24:43:742 grammar LogManager.java:25 import 'PROCEDURE'=3
2026-01-16 11:24:43:742 grammar LogManager.java:25 import 'ALL'=4
2026-01-16 11:24:43:743 grammar LogManager.java:25 import 'FETCH'=5
2026-01-16 11:24:43:743 grammar LogManager.java:25 import 'PUBLIC'=6
2026-01-16 11:24:43:743 grammar LogManager.java:25 import 'ALTER'=7
2026-01-16 11:24:43:743 grammar LogManager.java:25 import 'FILE'=8
2026-01-16 11:24:43:743 grammar LogManager.java:25 import 'RAISERROR'=9
2026-01-16 11:24:43:743 grammar LogManager.java:25 import 'AND'=10
2026-01-16 11:24:43:743 grammar LogManager.java:25 import 'FILLFACTOR'=11
2026-01-16 11:24:43:743 grammar LogManager.java:25 import 'READ'=12
2026-01-16 11:24:43:743 grammar LogManager.java:25 import 'ANY'=13
2026-01-16 11:24:43:743 grammar LogManager.java:25 import 'FOR'=14
2026-01-16 11:24:43:743 grammar LogManager.java:25 import 'READTEXT'=15
2026-01-16 11:24:43:743 grammar LogManager.java:25 import 'AS'=16
2026-01-16 11:24:43:743 grammar LogManager.java:25 import 'FOREIGN'=17
2026-01-16 11:24:43:743 grammar LogManager.java:25 import 'RECONFIGURE'=18
2026-01-16 11:24:43:743 grammar LogManager.java:25 import 'ASC'=19
2026-01-16 11:24:43:743 grammar LogManager.java:25 import 'FREETEXT'=20
2026-01-16 11:24:43:743 grammar LogManager.java:25 import 'REFERENCES'=21
2026-01-16 11:24:43:743 grammar LogManager.java:25 import 'AUTHORIZATION'=22
2026-01-16 11:24:43:744 grammar LogManager.java:25 import 'FREETEXTTABLE'=23
2026-01-16 11:24:43:744 grammar LogManager.java:25 import 'REPLICATION'=24
2026-01-16 11:24:43:744 grammar LogManager.java:25 import 'BACKUP'=25
2026-01-16 11:24:43:744 grammar LogManager.java:25 import 'FROM'=26
2026-01-16 11:24:43:744 grammar LogManager.java:25 import 'RESTORE'=27
2026-01-16 11:24:43:744 grammar LogManager.java:25 import 'BEGIN'=28
2026-01-16 11:24:43:744 grammar LogManager.java:25 import 'FULL'=29
2026-01-16 11:24:43:744 grammar LogManager.java:25 import 'RESTRICT'=30
2026-01-16 11:24:43:744 grammar LogManager.java:25 import 'BETWEEN'=31
2026-01-16 11:24:43:744 grammar LogManager.java:25 import 'FUNCTION'=32
2026-01-16 11:24:43:744 grammar LogManager.java:25 import 'RETURN'=33
2026-01-16 11:24:43:744 grammar LogManager.java:25 import 'BREAK'=34
2026-01-16 11:24:43:744 grammar LogManager.java:25 import 'GOTO'=35
2026-01-16 11:24:43:745 grammar LogManager.java:25 import 'REVERT'=36
2026-01-16 11:24:43:745 grammar LogManager.java:25 import 'BROWSE'=37
2026-01-16 11:24:43:745 grammar LogManager.java:25 import 'GRANT'=38
2026-01-16 11:24:43:745 grammar LogManager.java:25 import 'REVOKE'=39
2026-01-16 11:24:43:745 grammar LogManager.java:25 import 'BULK'=40
2026-01-16 11:24:43:746 grammar LogManager.java:25 import 'GROUP'=41
2026-01-16 11:24:43:746 grammar LogManager.java:25 import 'RIGHT'=42
2026-01-16 11:24:43:746 grammar LogManager.java:25 import 'BY'=43
2026-01-16 11:24:43:746 grammar LogManager.java:25 import 'HAVING'=44
2026-01-16 11:24:43:746 grammar LogManager.java:25 import 'ROLLBACK'=45
2026-01-16 11:24:43:746 grammar LogManager.java:25 import 'CASCADE'=46
2026-01-16 11:24:43:747 grammar LogManager.java:25 import 'HOLDLOCK'=47
2026-01-16 11:24:43:747 grammar LogManager.java:25 import 'ROWCOUNT'=48
2026-01-16 11:24:43:747 grammar LogManager.java:25 import 'CASE'=49
2026-01-16 11:24:43:747 grammar LogManager.java:25 import 'IDENTITY'=50
2026-01-16 11:24:43:747 grammar LogManager.java:25 import 'ROWGUIDCOL'=51
2026-01-16 11:24:43:747 grammar LogManager.java:25 import 'CHECK'=52
2026-01-16 11:24:43:747 grammar LogManager.java:25 import 'IDENTITY_INSERT'=53
2026-01-16 11:24:43:747 grammar LogManager.java:25 import 'RULE'=54
2026-01-16 11:24:43:747 grammar LogManager.java:25 import 'CHECKPOINT'=55
2026-01-16 11:24:43:747 grammar LogManager.java:25 import 'IDENTITYCOL'=56
2026-01-16 11:24:43:748 grammar LogManager.java:25 import 'SAVE'=57
2026-01-16 11:24:43:748 grammar LogManager.java:25 import 'CLOSE'=58
2026-01-16 11:24:43:748 grammar LogManager.java:25 import 'IF'=59
2026-01-16 11:24:43:748 grammar LogManager.java:25 import 'SCHEMA'=60
2026-01-16 11:24:43:748 grammar LogManager.java:25 import 'CLUSTERED'=61
2026-01-16 11:24:43:748 grammar LogManager.java:25 import 'IN'=62
2026-01-16 11:24:43:748 grammar LogManager.java:25 import 'SECURITYAUDIT'=63
2026-01-16 11:24:43:748 grammar LogManager.java:25 import 'COALESCE'=64
2026-01-16 11:24:43:748 grammar LogManager.java:25 import 'INDEX'=65
2026-01-16 11:24:43:748 grammar LogManager.java:25 import 'SELECT'=66
2026-01-16 11:24:43:748 grammar LogManager.java:25 import 'COLLATE'=67
2026-01-16 11:24:43:748 grammar LogManager.java:25 import 'INNER'=68
2026-01-16 11:24:43:749 grammar LogManager.java:25 import 'SEMANTICKEYPHRASETABLE'=69
2026-01-16 11:24:43:749 grammar LogManager.java:25 import 'COLUMN'=70
2026-01-16 11:24:43:749 grammar LogManager.java:25 import 'INSERT'=71
2026-01-16 11:24:43:749 grammar LogManager.java:25 import 'SEMANTICSIMILARITYDETAILSTABLE'=72
2026-01-16 11:24:43:749 grammar LogManager.java:25 import 'COMMIT'=73
2026-01-16 11:24:43:749 grammar LogManager.java:25 import 'INTERSECT'=74
2026-01-16 11:24:43:750 grammar LogManager.java:25 import 'SEMANTICSIMILARITYTABLE'=75
2026-01-16 11:24:43:750 grammar LogManager.java:25 import 'COMPUTE'=76
2026-01-16 11:24:43:750 grammar LogManager.java:25 import 'INTO'=77
2026-01-16 11:24:43:750 grammar LogManager.java:25 import 'SESSION_USER'=78
2026-01-16 11:24:43:750 grammar LogManager.java:25 import 'CONSTRAINT'=79
2026-01-16 11:24:43:750 grammar LogManager.java:25 import 'IS'=80
2026-01-16 11:24:43:750 grammar LogManager.java:25 import 'SET'=81
2026-01-16 11:24:43:751 grammar LogManager.java:25 import 'CONTAINS'=82
2026-01-16 11:24:43:751 grammar LogManager.java:25 import 'JOIN'=83
2026-01-16 11:24:43:751 grammar LogManager.java:25 import 'SETUSER'=84
2026-01-16 11:24:43:751 grammar LogManager.java:25 import 'CONTAINSTABLE'=85
2026-01-16 11:24:43:751 grammar LogManager.java:25 import 'KEY'=86
2026-01-16 11:24:43:751 grammar LogManager.java:25 import 'SHUTDOWN'=87
2026-01-16 11:24:43:751 grammar LogManager.java:25 import 'CONTINUE'=88
2026-01-16 11:24:43:751 grammar LogManager.java:25 import 'KILL'=89
2026-01-16 11:24:43:752 grammar LogManager.java:25 import 'SOME'=90
2026-01-16 11:24:43:752 grammar LogManager.java:25 import 'CONVERT'=91
2026-01-16 11:24:43:752 grammar LogManager.java:25 import 'LEFT'=92
2026-01-16 11:24:43:752 grammar LogManager.java:25 import 'STATISTICS'=93
2026-01-16 11:24:43:752 grammar LogManager.java:25 import 'CREATE'=94
2026-01-16 11:24:43:753 grammar LogManager.java:25 import 'LIKE'=95
2026-01-16 11:24:43:753 grammar LogManager.java:25 import 'SYSTEM_USER'=96
2026-01-16 11:24:43:753 grammar LogManager.java:25 import 'CROSS'=97
2026-01-16 11:24:43:753 grammar LogManager.java:25 import 'LINENO'=98
2026-01-16 11:24:43:753 grammar LogManager.java:25 import 'TABLE'=99
2026-01-16 11:24:43:753 grammar LogManager.java:25 import 'CURRENT'=100
2026-01-16 11:24:43:753 grammar LogManager.java:25 import 'LOAD'=101
2026-01-16 11:24:43:753 grammar LogManager.java:25 import 'TABLESAMPLE'=102
2026-01-16 11:24:43:753 grammar LogManager.java:25 import 'CURRENT_DATE'=103
2026-01-16 11:24:43:754 grammar LogManager.java:25 import 'MERGE'=104
2026-01-16 11:24:43:754 grammar LogManager.java:25 import 'TEXTSIZE'=105
2026-01-16 11:24:43:754 grammar LogManager.java:25 import 'CURRENT_TIME'=106
2026-01-16 11:24:43:754 grammar LogManager.java:25 import 'NATIONAL'=107
2026-01-16 11:24:43:754 grammar LogManager.java:25 import 'THEN'=108
2026-01-16 11:24:43:754 grammar LogManager.java:25 import 'CURRENT_TIMESTAMP'=109
2026-01-16 11:24:43:754 grammar LogManager.java:25 import 'NOCHECK'=110
2026-01-16 11:24:43:754 grammar LogManager.java:25 import 'TO'=111
2026-01-16 11:24:43:756 grammar LogManager.java:25 import 'CURRENT_USER'=112
2026-01-16 11:24:43:756 grammar LogManager.java:25 import 'NONCLUSTERED'=113
2026-01-16 11:24:43:756 grammar LogManager.java:25 import 'TOP'=114
2026-01-16 11:24:43:756 grammar LogManager.java:25 import 'CURSOR'=115
2026-01-16 11:24:43:756 grammar LogManager.java:25 import 'NOT'=116
2026-01-16 11:24:43:756 grammar LogManager.java:25 import 'TRAN'=117
2026-01-16 11:24:43:756 grammar LogManager.java:25 import 'DATABASE'=118
2026-01-16 11:24:43:756 grammar LogManager.java:25 import 'NULL'=119
2026-01-16 11:24:43:757 grammar LogManager.java:25 import 'TRANSACTION'=120
2026-01-16 11:24:43:757 grammar LogManager.java:25 import 'DBCC'=121
2026-01-16 11:24:43:757 grammar LogManager.java:25 import 'NULLIF'=122
2026-01-16 11:24:43:757 grammar LogManager.java:25 import 'TRIGGER'=123
2026-01-16 11:24:43:757 grammar LogManager.java:25 import 'DEALLOCATE'=124
2026-01-16 11:24:43:757 grammar LogManager.java:25 import 'OF'=125
2026-01-16 11:24:43:757 grammar LogManager.java:25 import 'TRUNCATE'=126
2026-01-16 11:24:43:757 grammar LogManager.java:25 import 'DECLARE'=127
2026-01-16 11:24:43:758 grammar LogManager.java:25 import 'OFF'=128
2026-01-16 11:24:43:758 grammar LogManager.java:25 import 'TRY_CONVERT'=129
2026-01-16 11:24:43:758 grammar LogManager.java:25 import 'DEFAULT'=130
2026-01-16 11:24:43:758 grammar LogManager.java:25 import 'OFFSETS'=131
2026-01-16 11:24:43:758 grammar LogManager.java:25 import 'TSEQUAL'=132
2026-01-16 11:24:43:758 grammar LogManager.java:25 import 'DELETE'=133
2026-01-16 11:24:43:758 grammar LogManager.java:25 import 'ON'=134
2026-01-16 11:24:43:758 grammar LogManager.java:25 import 'UNION'=135
2026-01-16 11:24:43:758 grammar LogManager.java:25 import 'DENY'=136
2026-01-16 11:24:43:758 grammar LogManager.java:25 import 'OPEN'=137
2026-01-16 11:24:43:758 grammar LogManager.java:25 import 'UNIQUE'=138
2026-01-16 11:24:43:758 grammar LogManager.java:25 import 'DESC'=139
2026-01-16 11:24:43:758 grammar LogManager.java:25 import 'OPENDATASOURCE'=140
2026-01-16 11:24:43:758 grammar LogManager.java:25 import 'UPDATE'=141
2026-01-16 11:24:43:758 grammar LogManager.java:25 import 'DISK'=142
2026-01-16 11:24:43:758 grammar LogManager.java:25 import 'OPENQUERY'=143
2026-01-16 11:24:43:758 grammar LogManager.java:25 import 'UPDATETEXT'=144
2026-01-16 11:24:43:758 grammar LogManager.java:25 import 'DISTINCT'=145
2026-01-16 11:24:43:758 grammar LogManager.java:25 import 'OPENROWSET'=146
2026-01-16 11:24:43:758 grammar LogManager.java:25 import 'USE'=147
2026-01-16 11:24:43:758 grammar LogManager.java:25 import 'DISTRIBUTED'=148
2026-01-16 11:24:43:758 grammar LogManager.java:25 import 'OPENXML'=149
2026-01-16 11:24:43:758 grammar LogManager.java:25 import 'USER'=150
2026-01-16 11:24:43:758 grammar LogManager.java:25 import 'DOUBLE'=151
2026-01-16 11:24:43:758 grammar LogManager.java:25 import 'OPTION'=152
2026-01-16 11:24:43:758 grammar LogManager.java:25 import 'VALUES'=153
2026-01-16 11:24:43:758 grammar LogManager.java:25 import 'DROP'=154
2026-01-16 11:24:43:758 grammar LogManager.java:25 import 'OR'=155
2026-01-16 11:24:43:758 grammar LogManager.java:25 import 'VARYING'=156
2026-01-16 11:24:43:758 grammar LogManager.java:25 import 'DUMP'=157
2026-01-16 11:24:43:758 grammar LogManager.java:25 import 'ORDER'=158
2026-01-16 11:24:43:758 grammar LogManager.java:25 import 'VIEW'=159
2026-01-16 11:24:43:758 grammar LogManager.java:25 import 'ELSE'=160
2026-01-16 11:24:43:758 grammar LogManager.java:25 import 'OUTER'=161
2026-01-16 11:24:43:759 grammar LogManager.java:25 import 'WAITFOR'=162
2026-01-16 11:24:43:759 grammar LogManager.java:25 import 'END'=163
2026-01-16 11:24:43:759 grammar LogManager.java:25 import 'OVER'=164
2026-01-16 11:24:43:759 grammar LogManager.java:25 import 'WHEN'=165
2026-01-16 11:24:43:759 grammar LogManager.java:25 import 'ERRLVL'=166
2026-01-16 11:24:43:759 grammar LogManager.java:25 import 'PERCENT'=167
2026-01-16 11:24:43:759 grammar LogManager.java:25 import 'WHERE'=168
2026-01-16 11:24:43:759 grammar LogManager.java:25 import 'ESCAPE'=169
2026-01-16 11:24:43:759 grammar LogManager.java:25 import 'PIVOT'=170
2026-01-16 11:24:43:759 grammar LogManager.java:25 import 'WHILE'=171
2026-01-16 11:24:43:759 grammar LogManager.java:25 import 'EXCEPT'=172
2026-01-16 11:24:43:759 grammar LogManager.java:25 import 'PLAN'=173
2026-01-16 11:24:43:759 grammar LogManager.java:25 import 'WITH'=174
2026-01-16 11:24:43:759 grammar LogManager.java:25 import 'EXEC'=175
2026-01-16 11:24:43:759 grammar LogManager.java:25 import 'PRECISION'=176
2026-01-16 11:24:43:759 grammar LogManager.java:25 import 'WRITETEXT'=177
2026-01-16 11:24:43:759 grammar LogManager.java:25 import 'EXECUTE'=178
2026-01-16 11:24:43:759 grammar LogManager.java:25 import 'PRIMARY'=179
2026-01-16 11:24:43:759 grammar LogManager.java:25 import 'INTEGER'=180
2026-01-16 11:24:43:760 grammar LogManager.java:25 import 'TRUE'=185
2026-01-16 11:24:43:760 grammar LogManager.java:25 import 'FALSE'=186
2026-01-16 11:24:43:760 grammar LogManager.java:25 import '='=191
2026-01-16 11:24:43:760 grammar LogManager.java:25 import '>'=193
2026-01-16 11:24:43:760 grammar LogManager.java:25 import '<'=194
2026-01-16 11:24:43:760 grammar LogManager.java:25 import '>='=195
2026-01-16 11:24:43:760 grammar LogManager.java:25 import '<='=196
2026-01-16 11:24:43:760 grammar LogManager.java:25 import '+'=197
2026-01-16 11:24:43:760 grammar LogManager.java:25 import '-'=198
2026-01-16 11:24:43:760 grammar LogManager.java:25 import '*'=199
2026-01-16 11:24:43:760 grammar LogManager.java:25 import '/'=200
2026-01-16 11:24:43:760 grammar LogManager.java:25 import ','=201
2026-01-16 11:24:43:760 grammar LogManager.java:25 import '.'=202
2026-01-16 11:24:43:760 grammar LogManager.java:25 import '('=203
2026-01-16 11:24:43:760 grammar LogManager.java:25 import ')'=204
2026-01-16 11:24:43:760 grammar LogManager.java:25 import '['=205
2026-01-16 11:24:43:761 grammar LogManager.java:25 import ']'=206
2026-01-16 11:24:43:761 grammar LogManager.java:25 import ';'=207
2026-01-16 11:24:43:762 grammar LogManager.java:25 tokens={ADD=1, EXTERNAL=2, PROCEDURE=3, ALL=4, FETCH=5, PUBLIC=6, ALTER=7, FILE=8, RAISERROR=9, AND=10, FILLFACTOR=11, READ=12, ANY=13, FOR=14, READTEXT=15, AS=16, FOREIGN=17, RECONFIGURE=18, ASC=19, FREETEXT=20, REFERENCES=21, AUTHORIZATION=22, FREETEXTTABLE=23, REPLICATION=24, BACKUP=25, FROM=26, RESTORE=27, BEGIN=28, FULL=29, RESTRICT=30, BETWEEN=31, FUNCTION=32, RETURN=33, BREAK=34, GOTO=35, REVERT=36, BROWSE=37, GRANT=38, REVOKE=39, BULK=40, GROUP=41, RIGHT=42, BY=43, HAVING=44, ROLLBACK=45, CASCADE=46, HOLDLOCK=47, ROWCOUNT=48, CASE=49, IDENTITY=50, ROWGUIDCOL=51, CHECK=52, IDENTITY_INSERT=53, RULE=54, CHECKPOINT=55, IDENTITYCOL=56, SAVE=57, CLOSE=58, IF=59, SCHEMA=60, CLUSTERED=61, IN=62, SECURITYAUDIT=63, COALESCE=64, INDEX=65, SELECT=66, COLLATE=67, INNER=68, SEMANTICKEYPHRASETABLE=69, COLUMN=70, INSERT=71, SEMANTICSIMILARITYDETAILSTABLE=72, COMMIT=73, INTERSECT=74, SEMANTICSIMILARITYTABLE=75, COMPUTE=76, INTO=77, SESSION_USER=78, CONSTRAINT=79, IS=80, SET=81, CONTAINS=82, JOIN=83, SETUSER=84, CONTAINSTABLE=85, KEY=86, SHUTDOWN=87, CONTINUE=88, KILL=89, SOME=90, CONVERT=91, LEFT=92, STATISTICS=93, CREATE=94, LIKE=95, SYSTEM_USER=96, CROSS=97, LINENO=98, TABLE=99, CURRENT=100, LOAD=101, TABLESAMPLE=102, CURRENT_DATE=103, MERGE=104, TEXTSIZE=105, CURRENT_TIME=106, NATIONAL=107, THEN=108, CURRENT_TIMESTAMP=109, NOCHECK=110, TO=111, CURRENT_USER=112, NONCLUSTERED=113, TOP=114, CURSOR=115, NOT=116, TRAN=117, DATABASE=118, NULL=119, TRANSACTION=120, DBCC=121, NULLIF=122, TRIGGER=123, DEALLOCATE=124, OF=125, TRUNCATE=126, DECLARE=127, OFF=128, TRY_CONVERT=129, DEFAULT=130, OFFSETS=131, TSEQUAL=132, DELETE=133, ON=134, UNION=135, DENY=136, OPEN=137, UNIQUE=138, DESC=139, OPENDATASOURCE=140, UPDATE=141, DISK=142, OPENQUERY=143, UPDATETEXT=144, DISTINCT=145, OPENROWSET=146, USE=147, DISTRIBUTED=148, OPENXML=149, USER=150, DOUBLE=151, OPTION=152, VALUES=153, DROP=154, OR=155, VARYING=156, DUMP=157, ORDER=158, VIEW=159, ELSE=160, OUTER=161, WAITFOR=162, END=163, OVER=164, WHEN=165, ERRLVL=166, PERCENT=167, WHERE=168, ESCAPE=169, PIVOT=170, WHILE=171, EXCEPT=172, PLAN=173, WITH=174, EXEC=175, PRECISION=176, WRITETEXT=177, EXECUTE=178, PRIMARY=179, INT=180, INT_LITERAL=181, FLOAT_LITERAL=182, HEX_LITERAL=183, BIT_LITERAL=184, TRUE_LITERAL=185, FALSE_LITERAL=186, IDENTIFIER=187, STRING_LITERAL=188, BRACKET_IDENTIFIER=189, USER_VAR=190, EQ=191, NEQ=192, GT=193, LT=194, GTE=195, LTE=196, PLUS=197, MINUS=198, STAR=199, SLASH=200, COMMA=201, DOT=202, LPAREN=203, RPAREN=204, SPAREN=205, ZPAREN=206, SEMI=207, LINE_COMMENT=208, COMMENT=209, WS=210, 'ADD'=1, 'EXTERNAL'=2, 'PROCEDURE'=3, 'ALL'=4, 'FETCH'=5, 'PUBLIC'=6, 'ALTER'=7, 'FILE'=8, 'RAISERROR'=9, 'AND'=10, 'FILLFACTOR'=11, 'READ'=12, 'ANY'=13, 'FOR'=14, 'READTEXT'=15, 'AS'=16, 'FOREIGN'=17, 'RECONFIGURE'=18, 'ASC'=19, 'FREETEXT'=20, 'REFERENCES'=21, 'AUTHORIZATION'=22, 'FREETEXTTABLE'=23, 'REPLICATION'=24, 'BACKUP'=25, 'FROM'=26, 'RESTORE'=27, 'BEGIN'=28, 'FULL'=29, 'RESTRICT'=30, 'BETWEEN'=31, 'FUNCTION'=32, 'RETURN'=33, 'BREAK'=34, 'GOTO'=35, 'REVERT'=36, 'BROWSE'=37, 'GRANT'=38, 'REVOKE'=39, 'BULK'=40, 'GROUP'=41, 'RIGHT'=42, 'BY'=43, 'HAVING'=44, 'ROLLBACK'=45, 'CASCADE'=46, 'HOLDLOCK'=47, 'ROWCOUNT'=48, 'CASE'=49, 'IDENTITY'=50, 'ROWGUIDCOL'=51, 'CHECK'=52, 'IDENTITY_INSERT'=53, 'RULE'=54, 'CHECKPOINT'=55, 'IDENTITYCOL'=56, 'SAVE'=57, 'CLOSE'=58, 'IF'=59, 'SCHEMA'=60, 'CLUSTERED'=61, 'IN'=62, 'SECURITYAUDIT'=63, 'COALESCE'=64, 'INDEX'=65, 'SELECT'=66, 'COLLATE'=67, 'INNER'=68, 'SEMANTICKEYPHRASETABLE'=69, 'COLUMN'=70, 'INSERT'=71, 'SEMANTICSIMILARITYDETAILSTABLE'=72, 'COMMIT'=73, 'INTERSECT'=74, 'SEMANTICSIMILARITYTABLE'=75, 'COMPUTE'=76, 'INTO'=77, 'SESSION_USER'=78, 'CONSTRAINT'=79, 'IS'=80, 'SET'=81, 'CONTAINS'=82, 'JOIN'=83, 'SETUSER'=84, 'CONTAINSTABLE'=85, 'KEY'=86, 'SHUTDOWN'=87, 'CONTINUE'=88, 'KILL'=89, 'SOME'=90, 'CONVERT'=91, 'LEFT'=92, 'STATISTICS'=93, 'CREATE'=94, 'LIKE'=95, 'SYSTEM_USER'=96, 'CROSS'=97, 'LINENO'=98, 'TABLE'=99, 'CURRENT'=100, 'LOAD'=101, 'TABLESAMPLE'=102, 'CURRENT_DATE'=103, 'MERGE'=104, 'TEXTSIZE'=105, 'CURRENT_TIME'=106, 'NATIONAL'=107, 'THEN'=108, 'CURRENT_TIMESTAMP'=109, 'NOCHECK'=110, 'TO'=111, 'CURRENT_USER'=112, 'NONCLUSTERED'=113, 'TOP'=114, 'CURSOR'=115, 'NOT'=116, 'TRAN'=117, 'DATABASE'=118, 'NULL'=119, 'TRANSACTION'=120, 'DBCC'=121, 'NULLIF'=122, 'TRIGGER'=123, 'DEALLOCATE'=124, 'OF'=125, 'TRUNCATE'=126, 'DECLARE'=127, 'OFF'=128, 'TRY_CONVERT'=129, 'DEFAULT'=130, 'OFFSETS'=131, 'TSEQUAL'=132, 'DELETE'=133, 'ON'=134, 'UNION'=135, 'DENY'=136, 'OPEN'=137, 'UNIQUE'=138, 'DESC'=139, 'OPENDATASOURCE'=140, 'UPDATE'=141, 'DISK'=142, 'OPENQUERY'=143, 'UPDATETEXT'=144, 'DISTINCT'=145, 'OPENROWSET'=146, 'USE'=147, 'DISTRIBUTED'=148, 'OPENXML'=149, 'USER'=150, 'DOUBLE'=151, 'OPTION'=152, 'VALUES'=153, 'DROP'=154, 'OR'=155, 'VARYING'=156, 'DUMP'=157, 'ORDER'=158, 'VIEW'=159, 'ELSE'=160, 'OUTER'=161, 'WAITFOR'=162, 'END'=163, 'OVER'=164, 'WHEN'=165, 'ERRLVL'=166, 'PERCENT'=167, 'WHERE'=168, 'ESCAPE'=169, 'PIVOT'=170, 'WHILE'=171, 'EXCEPT'=172, 'PLAN'=173, 'WITH'=174, 'EXEC'=175, 'PRECISION'=176, 'WRITETEXT'=177, 'EXECUTE'=178, 'PRIMARY'=179, 'INTEGER'=180, 'TRUE'=185, 'FALSE'=186, '='=191, '>'=193, '<'=194, '>='=195, '<='=196, '+'=197, '-'=198, '*'=199, '/'=200, ','=201, '.'=202, '('=203, ')'=204, '['=205, ']'=206, ';'=207}
2026-01-16 11:24:43:763 semantics LogManager.java:25 tokens={EOF=-1, ADD=1, EXTERNAL=2, PROCEDURE=3, ALL=4, FETCH=5, PUBLIC=6, ALTER=7, FILE=8, RAISERROR=9, AND=10, FILLFACTOR=11, READ=12, ANY=13, FOR=14, READTEXT=15, AS=16, FOREIGN=17, RECONFIGURE=18, ASC=19, FREETEXT=20, REFERENCES=21, AUTHORIZATION=22, FREETEXTTABLE=23, REPLICATION=24, BACKUP=25, FROM=26, RESTORE=27, BEGIN=28, FULL=29, RESTRICT=30, BETWEEN=31, FUNCTION=32, RETURN=33, BREAK=34, GOTO=35, REVERT=36, BROWSE=37, GRANT=38, REVOKE=39, BULK=40, GROUP=41, RIGHT=42, BY=43, HAVING=44, ROLLBACK=45, CASCADE=46, HOLDLOCK=47, ROWCOUNT=48, CASE=49, IDENTITY=50, ROWGUIDCOL=51, CHECK=52, IDENTITY_INSERT=53, RULE=54, CHECKPOINT=55, IDENTITYCOL=56, SAVE=57, CLOSE=58, IF=59, SCHEMA=60, CLUSTERED=61, IN=62, SECURITYAUDIT=63, COALESCE=64, INDEX=65, SELECT=66, COLLATE=67, INNER=68, SEMANTICKEYPHRASETABLE=69, COLUMN=70, INSERT=71, SEMANTICSIMILARITYDETAILSTABLE=72, COMMIT=73, INTERSECT=74, SEMANTICSIMILARITYTABLE=75, COMPUTE=76, INTO=77, SESSION_USER=78, CONSTRAINT=79, IS=80, SET=81, CONTAINS=82, JOIN=83, SETUSER=84, CONTAINSTABLE=85, KEY=86, SHUTDOWN=87, CONTINUE=88, KILL=89, SOME=90, CONVERT=91, LEFT=92, STATISTICS=93, CREATE=94, LIKE=95, SYSTEM_USER=96, CROSS=97, LINENO=98, TABLE=99, CURRENT=100, LOAD=101, TABLESAMPLE=102, CURRENT_DATE=103, MERGE=104, TEXTSIZE=105, CURRENT_TIME=106, NATIONAL=107, THEN=108, CURRENT_TIMESTAMP=109, NOCHECK=110, TO=111, CURRENT_USER=112, NONCLUSTERED=113, TOP=114, CURSOR=115, NOT=116, TRAN=117, DATABASE=118, NULL=119, TRANSACTION=120, DBCC=121, NULLIF=122, TRIGGER=123, DEALLOCATE=124, OF=125, TRUNCATE=126, DECLARE=127, OFF=128, TRY_CONVERT=129, DEFAULT=130, OFFSETS=131, TSEQUAL=132, DELETE=133, ON=134, UNION=135, DENY=136, OPEN=137, UNIQUE=138, DESC=139, OPENDATASOURCE=140, UPDATE=141, DISK=142, OPENQUERY=143, UPDATETEXT=144, DISTINCT=145, OPENROWSET=146, USE=147, DISTRIBUTED=148, OPENXML=149, USER=150, DOUBLE=151, OPTION=152, VALUES=153, DROP=154, OR=155, VARYING=156, DUMP=157, ORDER=158, VIEW=159, ELSE=160, OUTER=161, WAITFOR=162, END=163, OVER=164, WHEN=165, ERRLVL=166, PERCENT=167, WHERE=168, ESCAPE=169, PIVOT=170, WHILE=171, EXCEPT=172, PLAN=173, WITH=174, EXEC=175, PRECISION=176, WRITETEXT=177, EXECUTE=178, PRIMARY=179, INT=180, INT_LITERAL=181, FLOAT_LITERAL=182, HEX_LITERAL=183, BIT_LITERAL=184, TRUE_LITERAL=185, FALSE_LITERAL=186, IDENTIFIER=187, STRING_LITERAL=188, BRACKET_IDENTIFIER=189, USER_VAR=190, EQ=191, NEQ=192, GT=193, LT=194, GTE=195, LTE=196, PLUS=197, MINUS=198, STAR=199, SLASH=200, COMMA=201, DOT=202, LPAREN=203, RPAREN=204, SPAREN=205, ZPAREN=206, SEMI=207, LINE_COMMENT=208, COMMENT=209, WS=210}
2026-01-16 11:24:43:763 semantics LogManager.java:25 strings={'ADD'=1, 'EXTERNAL'=2, 'PROCEDURE'=3, 'ALL'=4, 'FETCH'=5, 'PUBLIC'=6, 'ALTER'=7, 'FILE'=8, 'RAISERROR'=9, 'AND'=10, 'FILLFACTOR'=11, 'READ'=12, 'ANY'=13, 'FOR'=14, 'READTEXT'=15, 'AS'=16, 'FOREIGN'=17, 'RECONFIGURE'=18, 'ASC'=19, 'FREETEXT'=20, 'REFERENCES'=21, 'AUTHORIZATION'=22, 'FREETEXTTABLE'=23, 'REPLICATION'=24, 'BACKUP'=25, 'FROM'=26, 'RESTORE'=27, 'BEGIN'=28, 'FULL'=29, 'RESTRICT'=30, 'BETWEEN'=31, 'FUNCTION'=32, 'RETURN'=33, 'BREAK'=34, 'GOTO'=35, 'REVERT'=36, 'BROWSE'=37, 'GRANT'=38, 'REVOKE'=39, 'BULK'=40, 'GROUP'=41, 'RIGHT'=42, 'BY'=43, 'HAVING'=44, 'ROLLBACK'=45, 'CASCADE'=46, 'HOLDLOCK'=47, 'ROWCOUNT'=48, 'CASE'=49, 'IDENTITY'=50, 'ROWGUIDCOL'=51, 'CHECK'=52, 'IDENTITY_INSERT'=53, 'RULE'=54, 'CHECKPOINT'=55, 'IDENTITYCOL'=56, 'SAVE'=57, 'CLOSE'=58, 'IF'=59, 'SCHEMA'=60, 'CLUSTERED'=61, 'IN'=62, 'SECURITYAUDIT'=63, 'COALESCE'=64, 'INDEX'=65, 'SELECT'=66, 'COLLATE'=67, 'INNER'=68, 'SEMANTICKEYPHRASETABLE'=69, 'COLUMN'=70, 'INSERT'=71, 'SEMANTICSIMILARITYDETAILSTABLE'=72, 'COMMIT'=73, 'INTERSECT'=74, 'SEMANTICSIMILARITYTABLE'=75, 'COMPUTE'=76, 'INTO'=77, 'SESSION_USER'=78, 'CONSTRAINT'=79, 'IS'=80, 'SET'=81, 'CONTAINS'=82, 'JOIN'=83, 'SETUSER'=84, 'CONTAINSTABLE'=85, 'KEY'=86, 'SHUTDOWN'=87, 'CONTINUE'=88, 'KILL'=89, 'SOME'=90, 'CONVERT'=91, 'LEFT'=92, 'STATISTICS'=93, 'CREATE'=94, 'LIKE'=95, 'SYSTEM_USER'=96, 'CROSS'=97, 'LINENO'=98, 'TABLE'=99, 'CURRENT'=100, 'LOAD'=101, 'TABLESAMPLE'=102, 'CURRENT_DATE'=103, 'MERGE'=104, 'TEXTSIZE'=105, 'CURRENT_TIME'=106, 'NATIONAL'=107, 'THEN'=108, 'CURRENT_TIMESTAMP'=109, 'NOCHECK'=110, 'TO'=111, 'CURRENT_USER'=112, 'NONCLUSTERED'=113, 'TOP'=114, 'CURSOR'=115, 'NOT'=116, 'TRAN'=117, 'DATABASE'=118, 'NULL'=119, 'TRANSACTION'=120, 'DBCC'=121, 'NULLIF'=122, 'TRIGGER'=123, 'DEALLOCATE'=124, 'OF'=125, 'TRUNCATE'=126, 'DECLARE'=127, 'OFF'=128, 'TRY_CONVERT'=129, 'DEFAULT'=130, 'OFFSETS'=131, 'TSEQUAL'=132, 'DELETE'=133, 'ON'=134, 'UNION'=135, 'DENY'=136, 'OPEN'=137, 'UNIQUE'=138, 'DESC'=139, 'OPENDATASOURCE'=140, 'UPDATE'=141, 'DISK'=142, 'OPENQUERY'=143, 'UPDATETEXT'=144, 'DISTINCT'=145, 'OPENROWSET'=146, 'USE'=147, 'DISTRIBUTED'=148, 'OPENXML'=149, 'USER'=150, 'DOUBLE'=151, 'OPTION'=152, 'VALUES'=153, 'DROP'=154, 'OR'=155, 'VARYING'=156, 'DUMP'=157, 'ORDER'=158, 'VIEW'=159, 'ELSE'=160, 'OUTER'=161, 'WAITFOR'=162, 'END'=163, 'OVER'=164, 'WHEN'=165, 'ERRLVL'=166, 'PERCENT'=167, 'WHERE'=168, 'ESCAPE'=169, 'PIVOT'=170, 'WHILE'=171, 'EXCEPT'=172, 'PLAN'=173, 'WITH'=174, 'EXEC'=175, 'PRECISION'=176, 'WRITETEXT'=177, 'EXECUTE'=178, 'PRIMARY'=179, 'INTEGER'=180, 'TRUE'=185, 'FALSE'=186, '='=191, '>'=193, '<'=194, '>='=195, '<='=196, '+'=197, '-'=198, '*'=199, '/'=200, ','=201, '.'=202, '('=203, ')'=204, '['=205, ']'=206, ';'=207}
2026-01-16 11:24:43:776 LL1 LogManager.java:25 
DECISION 0 in rule sqlFile
2026-01-16 11:24:43:777 LL1 LogManager.java:25 look=[{5, 7, 58, 66, 71, 94, 127, 133, 137, 141, 154, 174}, <EOF>]
2026-01-16 11:24:43:777 LL1 LogManager.java:25 LL(1)? true
2026-01-16 11:24:43:778 LL1 LogManager.java:25 
DECISION 1 in rule sqlStatement
2026-01-16 11:24:43:778 LL1 LogManager.java:25 look=[174, {5, 7, 58, 66, 71, 94, 127, 133, 137, 141, 154}]
2026-01-16 11:24:43:778 LL1 LogManager.java:25 LL(1)? true
2026-01-16 11:24:43:778 LL1 LogManager.java:25 
DECISION 2 in rule sqlStatement
2026-01-16 11:24:43:778 LL1 LogManager.java:25 look=[{66, 71, 133, 141}, {7, 94, 154}, {5, 58, 127, 137}]
2026-01-16 11:24:43:778 LL1 LogManager.java:25 LL(1)? true
2026-01-16 11:24:43:779 LL1 LogManager.java:25 
DECISION 3 in rule sqlStatement
2026-01-16 11:24:43:779 LL1 LogManager.java:25 look=[207, {<EOF>, 5, 7, 58, 66, 71, 94, 127, 133, 137, 141, 154, 174}]
2026-01-16 11:24:43:779 LL1 LogManager.java:25 LL(1)? true
2026-01-16 11:24:43:779 LL1 LogManager.java:25 
DECISION 4 in rule cteStatement
2026-01-16 11:24:43:779 LL1 LogManager.java:25 look=[201, {5, 7, 58, 66, 71, 94, 127, 133, 137, 141, 154}]
2026-01-16 11:24:43:779 LL1 LogManager.java:25 LL(1)? true
2026-01-16 11:24:43:779 LL1 LogManager.java:25 
DECISION 5 in rule dmlStatement
2026-01-16 11:24:43:779 LL1 LogManager.java:25 look=[66, 71, 141, 133]
2026-01-16 11:24:43:779 LL1 LogManager.java:25 LL(1)? true
2026-01-16 11:24:43:779 LL1 LogManager.java:25 
DECISION 6 in rule selectStatement
2026-01-16 11:24:43:780 LL1 LogManager.java:25 look=[{29, 42, 68, 83, 92}, {<EOF>, 5, 7, 41, 58, 66, 71, 94, 127, 133, 137, 141, 154, 158, 168, 174, 204, 207}]
2026-01-16 11:24:43:780 LL1 LogManager.java:25 LL(1)? true
2026-01-16 11:24:43:780 LL1 LogManager.java:25 
DECISION 7 in rule selectStatement
2026-01-16 11:24:43:780 LL1 LogManager.java:25 look=[168, {<EOF>, 5, 7, 41, 58, 66, 71, 94, 127, 133, 137, 141, 154, 158, 174, 204, 207}]
2026-01-16 11:24:43:780 LL1 LogManager.java:25 LL(1)? true
2026-01-16 11:24:43:780 LL1 LogManager.java:25 
DECISION 8 in rule selectStatement
2026-01-16 11:24:43:780 LL1 LogManager.java:25 look=[41, {<EOF>, 5, 7, 58, 66, 71, 94, 127, 133, 137, 141, 154, 158, 174, 204, 207}]
2026-01-16 11:24:43:780 LL1 LogManager.java:25 LL(1)? true
2026-01-16 11:24:43:781 LL1 LogManager.java:25 
DECISION 9 in rule selectStatement
2026-01-16 11:24:43:781 LL1 LogManager.java:25 look=[158, {<EOF>, 5, 7, 58, 66, 71, 94, 127, 133, 137, 141, 154, 174, 204, 207}]
2026-01-16 11:24:43:781 LL1 LogManager.java:25 LL(1)? true
2026-01-16 11:24:43:781 LL1 LogManager.java:25 
DECISION 10 in rule selectList
2026-01-16 11:24:43:781 LL1 LogManager.java:25 look=[201, 26]
2026-01-16 11:24:43:781 LL1 LogManager.java:25 LL(1)? true
2026-01-16 11:24:43:781 LL1 LogManager.java:25 
DECISION 11 in rule selectList
2026-01-16 11:24:43:781 LL1 LogManager.java:25 look=[199, {187, 189}]
2026-01-16 11:24:43:782 LL1 LogManager.java:25 LL(1)? true
2026-01-16 11:24:43:782 LL1 LogManager.java:25 
DECISION 12 in rule selectElement
2026-01-16 11:24:43:782 LL1 LogManager.java:25 look=[16, 187]
2026-01-16 11:24:43:782 LL1 LogManager.java:25 LL(1)? true
2026-01-16 11:24:43:782 LL1 LogManager.java:25 
DECISION 13 in rule selectElement
2026-01-16 11:24:43:782 LL1 LogManager.java:25 look=[{16, 187}, {26, 201}]
2026-01-16 11:24:43:782 LL1 LogManager.java:25 LL(1)? true
2026-01-16 11:24:43:782 LL1 LogManager.java:25 
DECISION 14 in rule joinType
2026-01-16 11:24:43:782 LL1 LogManager.java:25 look=[68, 92, 42, 29, 83]
2026-01-16 11:24:43:782 LL1 LogManager.java:25 LL(1)? true
2026-01-16 11:24:43:782 LL1 LogManager.java:25 
DECISION 15 in rule groupByClause
2026-01-16 11:24:43:782 LL1 LogManager.java:25 look=[201, {<EOF>, 5, 7, 58, 66, 71, 94, 127, 133, 137, 141, 154, 158, 174, 204, 207}]
2026-01-16 11:24:43:782 LL1 LogManager.java:25 LL(1)? true
2026-01-16 11:24:43:782 LL1 LogManager.java:25 
DECISION 16 in rule orderByClause
2026-01-16 11:24:43:783 LL1 LogManager.java:25 look=[201, {<EOF>, 5, 7, 58, 66, 71, 94, 127, 133, 137, 141, 154, 174, 204, 207}]
2026-01-16 11:24:43:783 LL1 LogManager.java:25 LL(1)? true
2026-01-16 11:24:43:783 LL1 LogManager.java:25 
DECISION 17 in rule orderElement
2026-01-16 11:24:43:783 LL1 LogManager.java:25 look=[{19, 139}, {<EOF>, 5, 7, 58, 66, 71, 94, 127, 133, 137, 141, 154, 174, 201, 204, 207}]
2026-01-16 11:24:43:783 LL1 LogManager.java:25 LL(1)? true
2026-01-16 11:24:43:783 LL1 LogManager.java:25 
DECISION 18 in rule searchCondition
2026-01-16 11:24:43:783 LL1 LogManager.java:25 look=[203, {119, 181..182, 185..189}]
2026-01-16 11:24:43:783 LL1 LogManager.java:25 LL(1)? true
2026-01-16 11:24:43:783 LL1 LogManager.java:25 
DECISION 19 in rule searchCondition
2026-01-16 11:24:43:783 LL1 LogManager.java:25 look=[null, null]
2026-01-16 11:24:43:784 LL1 LogManager.java:25 LL(1)? false
2026-01-16 11:24:43:784 LL1 LogManager.java:25 
DECISION 20 in rule searchCondition
2026-01-16 11:24:43:784 LL1 LogManager.java:25 look=[null, null]
2026-01-16 11:24:43:784 LL1 LogManager.java:25 LL(1)? false
2026-01-16 11:24:43:784 LL1 LogManager.java:25 
DECISION 21 in rule predicate
2026-01-16 11:24:43:784 LL1 LogManager.java:25 look=[{119, 181..182, 185..189}, {119, 181..182, 185..189}]
2026-01-16 11:24:43:784 LL1 LogManager.java:25 LL(1)? false
2026-01-16 11:24:43:784 LL1 LogManager.java:25 
DECISION 22 in rule expression
2026-01-16 11:24:43:785 LL1 LogManager.java:25 look=[{187, 189}, {119, 181..182, 185..186, 188}]
2026-01-16 11:24:43:785 LL1 LogManager.java:25 LL(1)? true
2026-01-16 11:24:43:785 LL1 LogManager.java:25 
DECISION 23 in rule insertStatement
2026-01-16 11:24:43:785 LL1 LogManager.java:25 look=[201, 204]
2026-01-16 11:24:43:785 LL1 LogManager.java:25 LL(1)? true
2026-01-16 11:24:43:785 LL1 LogManager.java:25 
DECISION 24 in rule insertStatement
2026-01-16 11:24:43:786 LL1 LogManager.java:25 look=[201, 204]
2026-01-16 11:24:43:786 LL1 LogManager.java:25 LL(1)? true
2026-01-16 11:24:43:786 LL1 LogManager.java:25 
DECISION 25 in rule updateStatement
2026-01-16 11:24:43:786 LL1 LogManager.java:25 look=[201, {<EOF>, 5, 7, 58, 66, 71, 94, 127, 133, 137, 141, 154, 168, 174, 207}]
2026-01-16 11:24:43:786 LL1 LogManager.java:25 LL(1)? true
2026-01-16 11:24:43:786 LL1 LogManager.java:25 
DECISION 26 in rule updateStatement
2026-01-16 11:24:43:787 LL1 LogManager.java:25 look=[168, {<EOF>, 5, 7, 58, 66, 71, 94, 127, 133, 137, 141, 154, 174, 207}]
2026-01-16 11:24:43:787 LL1 LogManager.java:25 LL(1)? true
2026-01-16 11:24:43:787 LL1 LogManager.java:25 
DECISION 27 in rule deleteStatement
2026-01-16 11:24:43:787 LL1 LogManager.java:25 look=[168, {<EOF>, 5, 7, 58, 66, 71, 94, 127, 133, 137, 141, 154, 174, 207}]
2026-01-16 11:24:43:787 LL1 LogManager.java:25 LL(1)? true
2026-01-16 11:24:43:787 LL1 LogManager.java:25 
DECISION 28 in rule ddlStatement
2026-01-16 11:24:43:787 LL1 LogManager.java:25 look=[94, 154, 7]
2026-01-16 11:24:43:787 LL1 LogManager.java:25 LL(1)? true
2026-01-16 11:24:43:787 LL1 LogManager.java:25 
DECISION 29 in rule createTableStatement
2026-01-16 11:24:43:788 LL1 LogManager.java:25 look=[201, 204]
2026-01-16 11:24:43:788 LL1 LogManager.java:25 LL(1)? true
2026-01-16 11:24:43:788 LL1 LogManager.java:25 
DECISION 30 in rule alterAction
2026-01-16 11:24:43:788 LL1 LogManager.java:25 look=[1, 154]
2026-01-16 11:24:43:788 LL1 LogManager.java:25 LL(1)? true
2026-01-16 11:24:43:788 LL1 LogManager.java:25 
DECISION 31 in rule cursorStatement
2026-01-16 11:24:43:788 LL1 LogManager.java:25 look=[127, 137, 5, 58]
2026-01-16 11:24:43:788 LL1 LogManager.java:25 LL(1)? true
2026-01-16 11:24:43:868 action-translator LogManager.java:25 translate 
2026-01-16 11:24:43:872 action-translator LogManager.java:25 translate self.precpred(self._ctx, 4)
2026-01-16 11:24:43:873 action-translator LogManager.java:25 translate self.precpred(self._ctx, 3)
2026-01-16 11:24:43:875 action-translator LogManager.java:25 translate self.precpred(self._ctx, 4)
2026-01-16 11:24:43:875 action-translator LogManager.java:25 translate self.precpred(self._ctx, 3)
